0 info it worked if it ends with ok
1 verbose cli [ '/usr/local/Cellar/node/6.7.0/bin/node',
1 verbose cli   '/usr/local/bin/npm',
1 verbose cli   'install' ]
2 info using npm@3.10.7
3 info using node@v6.7.0
4 silly loadCurrentTree Starting
5 silly install loadCurrentTree
6 silly install readLocalPackageData
7 silly install normalizeTree
8 silly loadCurrentTree Finishing
9 silly loadIdealTree Starting
10 silly install loadIdealTree
11 silly cloneCurrentTree Starting
12 silly install cloneCurrentTreeToIdealTree
13 silly cloneCurrentTree Finishing
14 silly loadShrinkwrap Starting
15 silly install loadShrinkwrap
16 silly loadShrinkwrap Finishing
17 silly loadAllDepsIntoIdealTree Starting
18 silly install loadAllDepsIntoIdealTree
19 silly loadAllDepsIntoIdealTree Finishing
20 silly loadIdealTree Finishing
21 silly currentTree ddot@1.0.0
21 silly currentTree ├── @mrmlnc/readdir-enhanced@2.2.1
21 silly currentTree ├── @nodelib/fs.stat@1.0.2
21 silly currentTree ├── @sindresorhus/is@0.7.0
21 silly currentTree ├─┬ @webassemblyjs/ast@1.4.3
21 silly currentTree │ └── debug@3.1.0
21 silly currentTree ├── @webassemblyjs/floating-point-hex-parser@1.4.3
21 silly currentTree ├─┬ @webassemblyjs/helper-buffer@1.4.3
21 silly currentTree │ └── debug@3.1.0
21 silly currentTree ├── @webassemblyjs/helper-code-frame@1.4.3
21 silly currentTree ├── @webassemblyjs/helper-fsm@1.4.3
21 silly currentTree ├── @webassemblyjs/helper-wasm-bytecode@1.4.3
21 silly currentTree ├─┬ @webassemblyjs/helper-wasm-section@1.4.3
21 silly currentTree │ └── debug@3.1.0
21 silly currentTree ├── @webassemblyjs/leb128@1.4.3
21 silly currentTree ├── @webassemblyjs/validation@1.4.3
21 silly currentTree ├─┬ @webassemblyjs/wasm-edit@1.4.3
21 silly currentTree │ └── debug@3.1.0
21 silly currentTree ├── @webassemblyjs/wasm-gen@1.4.3
21 silly currentTree ├─┬ @webassemblyjs/wasm-opt@1.4.3
21 silly currentTree │ └── debug@3.1.0
21 silly currentTree ├── @webassemblyjs/wasm-parser@1.4.3
21 silly currentTree ├── @webassemblyjs/wast-parser@1.4.3
21 silly currentTree ├── @webassemblyjs/wast-printer@1.4.3
21 silly currentTree ├── acorn-dynamic-import@3.0.0
21 silly currentTree ├── acorn@5.5.3
21 silly currentTree ├── ajv-keywords@3.2.0
21 silly currentTree ├── ajv@6.5.0
21 silly currentTree ├── ansi-escapes@3.1.0
21 silly currentTree ├── ansi-regex@2.1.1
21 silly currentTree ├── ansi-styles@2.2.1
21 silly currentTree ├── any-observable@0.2.0
21 silly currentTree ├── anymatch@2.0.0
21 silly currentTree ├── aproba@1.2.0
21 silly currentTree ├── arr-diff@4.0.0
21 silly currentTree ├── arr-flatten@1.1.0
21 silly currentTree ├── arr-union@3.1.0
21 silly currentTree ├── array-differ@1.0.0
21 silly currentTree ├── array-union@1.0.2
21 silly currentTree ├── array-uniq@1.0.3
21 silly currentTree ├── array-unique@0.3.2
21 silly currentTree ├── arrify@1.0.1
21 silly currentTree ├── asap@2.0.6
21 silly currentTree ├── asn1.js@4.10.1
21 silly currentTree ├── assert@1.4.1
21 silly currentTree ├── assign-symbols@1.0.0
21 silly currentTree ├── ast-types@0.11.3
21 silly currentTree ├── async-each@1.0.1
21 silly currentTree ├── async@1.5.2
21 silly currentTree ├── atob@2.1.1
21 silly currentTree ├── babel-code-frame@6.26.0
21 silly currentTree ├── babel-core@6.26.3
21 silly currentTree ├── babel-generator@6.26.1
21 silly currentTree ├── babel-helper-bindify-decorators@6.24.1
21 silly currentTree ├── babel-helper-builder-binary-assignment-operator-visitor@6.24.1
21 silly currentTree ├── babel-helper-builder-react-jsx@6.26.0
21 silly currentTree ├── babel-helper-call-delegate@6.24.1
21 silly currentTree ├── babel-helper-define-map@6.26.0
21 silly currentTree ├── babel-helper-explode-assignable-expression@6.24.1
21 silly currentTree ├── babel-helper-explode-class@6.24.1
21 silly currentTree ├── babel-helper-function-name@6.24.1
21 silly currentTree ├── babel-helper-get-function-arity@6.24.1
21 silly currentTree ├── babel-helper-hoist-variables@6.24.1
21 silly currentTree ├── babel-helper-optimise-call-expression@6.24.1
21 silly currentTree ├── babel-helper-regex@6.26.0
21 silly currentTree ├── babel-helper-remap-async-to-generator@6.24.1
21 silly currentTree ├── babel-helper-replace-supers@6.24.1
21 silly currentTree ├── babel-helpers@6.24.1
21 silly currentTree ├── babel-loader@7.1.4
21 silly currentTree ├── babel-messages@6.23.0
21 silly currentTree ├── babel-plugin-check-es2015-constants@6.22.0
21 silly currentTree ├── babel-plugin-syntax-async-functions@6.13.0
21 silly currentTree ├── babel-plugin-syntax-async-generators@6.13.0
21 silly currentTree ├── babel-plugin-syntax-class-constructor-call@6.18.0
21 silly currentTree ├── babel-plugin-syntax-class-properties@6.13.0
21 silly currentTree ├── babel-plugin-syntax-decorators@6.13.0
21 silly currentTree ├── babel-plugin-syntax-dynamic-import@6.18.0
21 silly currentTree ├── babel-plugin-syntax-exponentiation-operator@6.13.0
21 silly currentTree ├── babel-plugin-syntax-export-extensions@6.13.0
21 silly currentTree ├── babel-plugin-syntax-flow@6.18.0
21 silly currentTree ├── babel-plugin-syntax-jsx@6.18.0
21 silly currentTree ├── babel-plugin-syntax-object-rest-spread@6.13.0
21 silly currentTree ├── babel-plugin-syntax-trailing-function-commas@6.22.0
21 silly currentTree ├── babel-plugin-transform-async-generator-functions@6.24.1
21 silly currentTree ├── babel-plugin-transform-async-to-generator@6.24.1
21 silly currentTree ├── babel-plugin-transform-class-constructor-call@6.24.1
21 silly currentTree ├── babel-plugin-transform-class-properties@6.24.1
21 silly currentTree ├── babel-plugin-transform-decorators@6.24.1
21 silly currentTree ├── babel-plugin-transform-es2015-arrow-functions@6.22.0
21 silly currentTree ├── babel-plugin-transform-es2015-block-scoped-functions@6.22.0
21 silly currentTree ├── babel-plugin-transform-es2015-block-scoping@6.26.0
21 silly currentTree ├── babel-plugin-transform-es2015-classes@6.24.1
21 silly currentTree ├── babel-plugin-transform-es2015-computed-properties@6.24.1
21 silly currentTree ├── babel-plugin-transform-es2015-destructuring@6.23.0
21 silly currentTree ├── babel-plugin-transform-es2015-duplicate-keys@6.24.1
21 silly currentTree ├── babel-plugin-transform-es2015-for-of@6.23.0
21 silly currentTree ├── babel-plugin-transform-es2015-function-name@6.24.1
21 silly currentTree ├── babel-plugin-transform-es2015-literals@6.22.0
21 silly currentTree ├── babel-plugin-transform-es2015-modules-amd@6.24.1
21 silly currentTree ├── babel-plugin-transform-es2015-modules-commonjs@6.26.2
21 silly currentTree ├── babel-plugin-transform-es2015-modules-systemjs@6.24.1
21 silly currentTree ├── babel-plugin-transform-es2015-modules-umd@6.24.1
21 silly currentTree ├── babel-plugin-transform-es2015-object-super@6.24.1
21 silly currentTree ├── babel-plugin-transform-es2015-parameters@6.24.1
21 silly currentTree ├── babel-plugin-transform-es2015-shorthand-properties@6.24.1
21 silly currentTree ├── babel-plugin-transform-es2015-spread@6.22.0
21 silly currentTree ├── babel-plugin-transform-es2015-sticky-regex@6.24.1
21 silly currentTree ├── babel-plugin-transform-es2015-template-literals@6.22.0
21 silly currentTree ├── babel-plugin-transform-es2015-typeof-symbol@6.23.0
21 silly currentTree ├── babel-plugin-transform-es2015-unicode-regex@6.24.1
21 silly currentTree ├── babel-plugin-transform-exponentiation-operator@6.24.1
21 silly currentTree ├── babel-plugin-transform-export-extensions@6.22.0
21 silly currentTree ├── babel-plugin-transform-flow-strip-types@6.22.0
21 silly currentTree ├── babel-plugin-transform-object-rest-spread@6.26.0
21 silly currentTree ├── babel-plugin-transform-react-display-name@6.25.0
21 silly currentTree ├── babel-plugin-transform-react-jsx-self@6.22.0
21 silly currentTree ├── babel-plugin-transform-react-jsx-source@6.22.0
21 silly currentTree ├── babel-plugin-transform-react-jsx@6.24.1
21 silly currentTree ├── babel-plugin-transform-regenerator@6.26.0
21 silly currentTree ├── babel-plugin-transform-strict-mode@6.24.1
21 silly currentTree ├── babel-preset-env@1.7.0
21 silly currentTree ├── babel-preset-es2015@6.24.1
21 silly currentTree ├── babel-preset-flow@6.23.0
21 silly currentTree ├── babel-preset-react@6.24.1
21 silly currentTree ├── babel-preset-stage-1@6.24.1
21 silly currentTree ├── babel-preset-stage-2@6.24.1
21 silly currentTree ├── babel-preset-stage-3@6.24.1
21 silly currentTree ├── babel-register@6.26.0
21 silly currentTree ├── babel-runtime@6.26.0
21 silly currentTree ├── babel-template@6.26.0
21 silly currentTree ├── babel-traverse@6.26.0
21 silly currentTree ├── babel-types@6.26.0
21 silly currentTree ├── babylon@6.18.0
21 silly currentTree ├── balanced-match@1.0.0
21 silly currentTree ├─┬ base@0.11.2
21 silly currentTree │ ├── define-property@1.0.0
21 silly currentTree │ ├── is-accessor-descriptor@1.0.0
21 silly currentTree │ ├── is-data-descriptor@1.0.0
21 silly currentTree │ └── is-descriptor@1.0.2
21 silly currentTree ├── base64-js@1.3.0
21 silly currentTree ├── big.js@3.2.0
21 silly currentTree ├── binary-extensions@1.11.0
21 silly currentTree ├── binaryextensions@2.1.1
21 silly currentTree ├── bluebird@3.5.1
21 silly currentTree ├── bn.js@4.11.8
21 silly currentTree ├── brace-expansion@1.1.11
21 silly currentTree ├─┬ braces@2.3.2
21 silly currentTree │ └── extend-shallow@2.0.1
21 silly currentTree ├── brorand@1.1.0
21 silly currentTree ├── browserify-aes@1.2.0
21 silly currentTree ├── browserify-cipher@1.0.1
21 silly currentTree ├── browserify-des@1.0.1
21 silly currentTree ├── browserify-rsa@4.0.1
21 silly currentTree ├── browserify-sign@4.0.4
21 silly currentTree ├── browserify-zlib@0.2.0
21 silly currentTree ├── browserslist@3.2.7
21 silly currentTree ├── buffer-from@1.0.0
21 silly currentTree ├── buffer-xor@1.0.3
21 silly currentTree ├─┬ buffer@4.9.1
21 silly currentTree │ └── isarray@1.0.0
21 silly currentTree ├── builtin-modules@1.1.1
21 silly currentTree ├── builtin-status-codes@3.0.0
21 silly currentTree ├── cacache@10.0.4
21 silly currentTree ├── cache-base@1.0.1
21 silly currentTree ├─┬ cacheable-request@2.1.4
21 silly currentTree │ └── lowercase-keys@1.0.0
21 silly currentTree ├── call-me-maybe@1.0.1
21 silly currentTree ├── camelcase@4.1.0
21 silly currentTree ├── caniuse-lite@1.0.30000843
21 silly currentTree ├── chalk@1.1.3
21 silly currentTree ├── chardet@0.4.2
21 silly currentTree ├── chokidar@2.0.3
21 silly currentTree ├── chownr@1.0.1
21 silly currentTree ├── chrome-trace-event@0.1.3
21 silly currentTree ├── cipher-base@1.0.4
21 silly currentTree ├─┬ class-utils@0.3.6
21 silly currentTree │ └── define-property@0.2.5
21 silly currentTree ├── classnames@2.2.5
21 silly currentTree ├── cli-cursor@2.1.0
21 silly currentTree ├── cli-spinners@0.1.2
21 silly currentTree ├─┬ cli-table@0.3.1
21 silly currentTree │ └── colors@1.0.3
21 silly currentTree ├─┬ cli-truncate@0.2.1
21 silly currentTree │ ├── is-fullwidth-code-point@1.0.0
21 silly currentTree │ └── string-width@1.0.2
21 silly currentTree ├── cli-width@2.2.0
21 silly currentTree ├─┬ cliui@4.1.0
21 silly currentTree │ ├── ansi-regex@3.0.0
21 silly currentTree │ └── strip-ansi@4.0.0
21 silly currentTree ├── clone-buffer@1.0.0
21 silly currentTree ├── clone-response@1.0.2
21 silly currentTree ├── clone-stats@0.0.1
21 silly currentTree ├── clone@1.0.4
21 silly currentTree ├── cloneable-readable@1.1.2
21 silly currentTree ├── code-point-at@1.1.0
21 silly currentTree ├── collection-visit@1.0.0
21 silly currentTree ├── color-convert@1.9.1
21 silly currentTree ├── color-name@1.1.3
21 silly currentTree ├── colors@1.2.5
21 silly currentTree ├── commander@2.13.0
21 silly currentTree ├── commondir@1.0.1
21 silly currentTree ├── component-emitter@1.2.1
21 silly currentTree ├── concat-map@0.0.1
21 silly currentTree ├── concat-stream@1.6.2
21 silly currentTree ├── console-browserify@1.1.0
21 silly currentTree ├── constants-browserify@1.0.0
21 silly currentTree ├── convert-source-map@1.5.1
21 silly currentTree ├── copy-concurrently@1.0.5
21 silly currentTree ├── copy-descriptor@0.1.1
21 silly currentTree ├── core-js@2.5.6
21 silly currentTree ├── core-util-is@1.0.2
21 silly currentTree ├── create-ecdh@4.0.3
21 silly currentTree ├── create-hash@1.2.0
21 silly currentTree ├── create-hmac@1.1.7
21 silly currentTree ├── cross-spawn@6.0.5
21 silly currentTree ├── crypto-browserify@3.12.0
21 silly currentTree ├── cyclist@0.2.2
21 silly currentTree ├── dargs@5.1.0
21 silly currentTree ├── date-fns@1.29.0
21 silly currentTree ├── date-now@0.1.4
21 silly currentTree ├── dateformat@3.0.3
21 silly currentTree ├── debug@2.6.9
21 silly currentTree ├── decamelize@1.2.0
21 silly currentTree ├── decode-uri-component@0.2.0
21 silly currentTree ├── decompress-response@3.3.0
21 silly currentTree ├── deep-diff@0.3.8
21 silly currentTree ├── deep-extend@0.5.1
21 silly currentTree ├─┬ define-property@2.0.2
21 silly currentTree │ ├── is-accessor-descriptor@1.0.0
21 silly currentTree │ ├── is-data-descriptor@1.0.0
21 silly currentTree │ └── is-descriptor@1.0.2
21 silly currentTree ├── des.js@1.0.0
21 silly currentTree ├── detect-conflict@1.0.1
21 silly currentTree ├── detect-indent@4.0.0
21 silly currentTree ├── diff@3.5.0
21 silly currentTree ├── diffie-hellman@5.0.3
21 silly currentTree ├── dir-glob@2.0.0
21 silly currentTree ├── domain-browser@1.2.0
21 silly currentTree ├── duplexer3@0.1.4
21 silly currentTree ├── duplexify@3.6.0
21 silly currentTree ├── editions@1.3.4
21 silly currentTree ├── ejs@2.6.1
21 silly currentTree ├── electron-to-chromium@1.3.47
21 silly currentTree ├── elegant-spinner@1.0.1
21 silly currentTree ├── elliptic@6.4.0
21 silly currentTree ├── emojis-list@2.1.0
21 silly currentTree ├── encoding@0.1.12
21 silly currentTree ├── end-of-stream@1.4.1
21 silly currentTree ├── enhanced-resolve@4.0.0
21 silly currentTree ├── envinfo@4.4.2
21 silly currentTree ├── errno@0.1.7
21 silly currentTree ├── error-ex@1.3.1
21 silly currentTree ├── error@7.0.2
21 silly currentTree ├── escape-string-regexp@1.0.5
21 silly currentTree ├── eslint-scope@3.7.1
21 silly currentTree ├── esprima@4.0.0
21 silly currentTree ├── esrecurse@4.2.1
21 silly currentTree ├── estraverse@4.2.0
21 silly currentTree ├── esutils@2.0.2
21 silly currentTree ├── events@1.1.1
21 silly currentTree ├── evp_bytestokey@1.0.3
21 silly currentTree ├─┬ execa@0.7.0
21 silly currentTree │ └── cross-spawn@5.1.0
21 silly currentTree ├── exenv@1.2.2
21 silly currentTree ├── exit-hook@1.1.1
21 silly currentTree ├─┬ expand-brackets@2.1.4
21 silly currentTree │ ├── define-property@0.2.5
21 silly currentTree │ └── extend-shallow@2.0.1
21 silly currentTree ├─┬ expand-range@1.8.2
21 silly currentTree │ ├── fill-range@2.2.4
21 silly currentTree │ ├── is-number@2.1.0
21 silly currentTree │ ├── isarray@1.0.0
21 silly currentTree │ ├── isobject@2.1.0
21 silly currentTree │ └── kind-of@3.2.2
21 silly currentTree ├── expand-tilde@2.0.2
21 silly currentTree ├─┬ extend-shallow@3.0.2
21 silly currentTree │ └── is-extendable@1.0.1
21 silly currentTree ├── external-editor@2.2.0
21 silly currentTree ├─┬ extglob@2.0.4
21 silly currentTree │ ├── define-property@1.0.0
21 silly currentTree │ ├── extend-shallow@2.0.1
21 silly currentTree │ ├── is-accessor-descriptor@1.0.0
21 silly currentTree │ ├── is-data-descriptor@1.0.0
21 silly currentTree │ └── is-descriptor@1.0.2
21 silly currentTree ├── fast-deep-equal@2.0.1
21 silly currentTree ├── fast-glob@2.2.2
21 silly currentTree ├── fast-json-stable-stringify@2.0.0
21 silly currentTree ├─┬ fbjs@0.8.16
21 silly currentTree │ └── core-js@1.2.7
21 silly currentTree ├── figures@2.0.0
21 silly currentTree ├── filename-regex@2.0.1
21 silly currentTree ├─┬ fill-range@4.0.0
21 silly currentTree │ └── extend-shallow@2.0.1
21 silly currentTree ├── find-cache-dir@1.0.0
21 silly currentTree ├── find-up@2.1.0
21 silly currentTree ├── first-chunk-stream@2.0.0
21 silly currentTree ├── flow-parser@0.72.0
21 silly currentTree ├── flush-write-stream@1.0.3
21 silly currentTree ├── for-in@1.0.2
21 silly currentTree ├── for-own@0.1.5
21 silly currentTree ├── fragment-cache@0.2.1
21 silly currentTree ├── from2@2.3.0
21 silly currentTree ├── fs-write-stream-atomic@1.0.10
21 silly currentTree ├── fs.realpath@1.0.0
21 silly currentTree ├─┬ fsevents@1.2.4
21 silly currentTree │ ├── abbrev@1.1.1
21 silly currentTree │ ├── ansi-regex@2.1.1
21 silly currentTree │ ├── aproba@1.2.0
21 silly currentTree │ ├── are-we-there-yet@1.1.4
21 silly currentTree │ ├── balanced-match@1.0.0
21 silly currentTree │ ├── brace-expansion@1.1.11
21 silly currentTree │ ├── chownr@1.0.1
21 silly currentTree │ ├── code-point-at@1.1.0
21 silly currentTree │ ├── concat-map@0.0.1
21 silly currentTree │ ├── console-control-strings@1.1.0
21 silly currentTree │ ├── core-util-is@1.0.2
21 silly currentTree │ ├── debug@2.6.9
21 silly currentTree │ ├── deep-extend@0.5.1
21 silly currentTree │ ├── delegates@1.0.0
21 silly currentTree │ ├── detect-libc@1.0.3
21 silly currentTree │ ├── fs-minipass@1.2.5
21 silly currentTree │ ├── fs.realpath@1.0.0
21 silly currentTree │ ├── gauge@2.7.4
21 silly currentTree │ ├── glob@7.1.2
21 silly currentTree │ ├── has-unicode@2.0.1
21 silly currentTree │ ├── iconv-lite@0.4.21
21 silly currentTree │ ├── ignore-walk@3.0.1
21 silly currentTree │ ├── inflight@1.0.6
21 silly currentTree │ ├── inherits@2.0.3
21 silly currentTree │ ├── ini@1.3.5
21 silly currentTree │ ├── is-fullwidth-code-point@1.0.0
21 silly currentTree │ ├── isarray@1.0.0
21 silly currentTree │ ├── minimatch@3.0.4
21 silly currentTree │ ├── minimist@0.0.8
21 silly currentTree │ ├── minipass@2.2.4
21 silly currentTree │ ├── minizlib@1.1.0
21 silly currentTree │ ├── mkdirp@0.5.1
21 silly currentTree │ ├── ms@2.0.0
21 silly currentTree │ ├── needle@2.2.0
21 silly currentTree │ ├── node-pre-gyp@0.10.0
21 silly currentTree │ ├── nopt@4.0.1
21 silly currentTree │ ├── npm-bundled@1.0.3
21 silly currentTree │ ├── npm-packlist@1.1.10
21 silly currentTree │ ├── npmlog@4.1.2
21 silly currentTree │ ├── number-is-nan@1.0.1
21 silly currentTree │ ├── object-assign@4.1.1
21 silly currentTree │ ├── once@1.4.0
21 silly currentTree │ ├── os-homedir@1.0.2
21 silly currentTree │ ├── os-tmpdir@1.0.2
21 silly currentTree │ ├── osenv@0.1.5
21 silly currentTree │ ├── path-is-absolute@1.0.1
21 silly currentTree │ ├── process-nextick-args@2.0.0
21 silly currentTree │ ├─┬ rc@1.2.7
21 silly currentTree │ │ └── minimist@1.2.0
21 silly currentTree │ ├── readable-stream@2.3.6
21 silly currentTree │ ├── rimraf@2.6.2
21 silly currentTree │ ├── safe-buffer@5.1.1
21 silly currentTree │ ├── safer-buffer@2.1.2
21 silly currentTree │ ├── sax@1.2.4
21 silly currentTree │ ├── semver@5.5.0
21 silly currentTree │ ├── set-blocking@2.0.0
21 silly currentTree │ ├── signal-exit@3.0.2
21 silly currentTree │ ├── string_decoder@1.1.1
21 silly currentTree │ ├── string-width@1.0.2
21 silly currentTree │ ├── strip-ansi@3.0.1
21 silly currentTree │ ├── strip-json-comments@2.0.1
21 silly currentTree │ ├── tar@4.4.1
21 silly currentTree │ ├── util-deprecate@1.0.2
21 silly currentTree │ ├── wide-align@1.1.2
21 silly currentTree │ ├── wrappy@1.0.2
21 silly currentTree │ └── yallist@3.0.2
21 silly currentTree ├── get-caller-file@1.0.2
21 silly currentTree ├── get-stream@3.0.0
21 silly currentTree ├── get-value@2.0.6
21 silly currentTree ├─┬ gh-got@6.0.0
21 silly currentTree │ ├── got@7.1.0
21 silly currentTree │ ├── p-cancelable@0.3.0
21 silly currentTree │ ├── p-timeout@1.2.1
21 silly currentTree │ ├── prepend-http@1.0.4
21 silly currentTree │ └── url-parse-lax@1.0.0
21 silly currentTree ├── github-username@4.1.0
21 silly currentTree ├─┬ glob-all@3.1.0
21 silly currentTree │ ├── minimist@0.1.0
21 silly currentTree │ └── yargs@1.2.6
21 silly currentTree ├─┬ glob-base@0.3.0
21 silly currentTree │ ├── glob-parent@2.0.0
21 silly currentTree │ ├── is-extglob@1.0.0
21 silly currentTree │ └── is-glob@2.0.1
21 silly currentTree ├─┬ glob-parent@3.1.0
21 silly currentTree │ └── is-glob@3.1.0
21 silly currentTree ├── glob-to-regexp@0.3.0
21 silly currentTree ├── glob@7.1.2
21 silly currentTree ├── global-modules@1.0.0
21 silly currentTree ├── global-prefix@1.0.2
21 silly currentTree ├── globals@9.18.0
21 silly currentTree ├── globby@8.0.1
21 silly currentTree ├── got@8.3.1
21 silly currentTree ├── graceful-fs@4.1.11
21 silly currentTree ├── grouped-queue@0.3.3
21 silly currentTree ├── has-ansi@2.0.0
21 silly currentTree ├── has-color@0.1.7
21 silly currentTree ├── has-flag@3.0.0
21 silly currentTree ├── has-symbol-support-x@1.4.2
21 silly currentTree ├── has-to-string-tag-x@1.4.1
21 silly currentTree ├── has-value@1.0.0
21 silly currentTree ├─┬ has-values@1.0.0
21 silly currentTree │ └── kind-of@4.0.0
21 silly currentTree ├── hash-base@3.0.4
21 silly currentTree ├── hash.js@1.1.3
21 silly currentTree ├── history@4.7.2
21 silly currentTree ├── hmac-drbg@1.0.1
21 silly currentTree ├── hoist-non-react-statics@2.5.0
21 silly currentTree ├── home-or-tmp@2.0.0
21 silly currentTree ├── homedir-polyfill@1.0.1
21 silly currentTree ├── hosted-git-info@2.6.0
21 silly currentTree ├── http-cache-semantics@3.8.1
21 silly currentTree ├── https-browserify@1.0.0
21 silly currentTree ├── iconv-lite@0.4.23
21 silly currentTree ├── ieee754@1.1.11
21 silly currentTree ├── iferr@0.1.5
21 silly currentTree ├── ignore@3.3.8
21 silly currentTree ├── import-local@1.0.0
21 silly currentTree ├── imurmurhash@0.1.4
21 silly currentTree ├── indent-string@2.1.0
21 silly currentTree ├── indexof@0.0.1
21 silly currentTree ├── inflight@1.0.6
21 silly currentTree ├── inherits@2.0.3
21 silly currentTree ├── ini@1.3.5
21 silly currentTree ├─┬ inquirer@5.2.0
21 silly currentTree │ ├── ansi-regex@3.0.0
21 silly currentTree │ ├── ansi-styles@3.2.1
21 silly currentTree │ ├── chalk@2.4.1
21 silly currentTree │ ├── strip-ansi@4.0.0
21 silly currentTree │ └── supports-color@5.4.0
21 silly currentTree ├── interpret@1.1.0
21 silly currentTree ├── into-stream@3.1.0
21 silly currentTree ├── invariant@2.2.4
21 silly currentTree ├── invert-kv@1.0.0
21 silly currentTree ├─┬ is-accessor-descriptor@0.1.6
21 silly currentTree │ └── kind-of@3.2.2
21 silly currentTree ├── is-arrayish@0.2.1
21 silly currentTree ├── is-binary-path@1.0.1
21 silly currentTree ├── is-buffer@1.1.6
21 silly currentTree ├── is-builtin-module@1.0.0
21 silly currentTree ├─┬ is-data-descriptor@0.1.4
21 silly currentTree │ └── kind-of@3.2.2
21 silly currentTree ├─┬ is-descriptor@0.1.6
21 silly currentTree │ └── kind-of@5.1.0
21 silly currentTree ├── is-dotfile@1.0.3
21 silly currentTree ├── is-equal-shallow@0.1.3
21 silly currentTree ├── is-extendable@0.1.1
21 silly currentTree ├── is-extglob@2.1.1
21 silly currentTree ├── is-finite@1.0.2
21 silly currentTree ├── is-fullwidth-code-point@2.0.0
21 silly currentTree ├── is-glob@4.0.0
21 silly currentTree ├─┬ is-number@3.0.0
21 silly currentTree │ └── kind-of@3.2.2
21 silly currentTree ├── is-object@1.0.1
21 silly currentTree ├─┬ is-observable@0.2.0
21 silly currentTree │ └── symbol-observable@0.2.4
21 silly currentTree ├─┬ is-odd@2.0.0
21 silly currentTree │ └── is-number@4.0.0
21 silly currentTree ├── is-plain-obj@1.1.0
21 silly currentTree ├── is-plain-object@2.0.4
21 silly currentTree ├── is-posix-bracket@0.1.1
21 silly currentTree ├── is-primitive@2.0.0
21 silly currentTree ├── is-promise@2.1.0
21 silly currentTree ├── is-retry-allowed@1.1.0
21 silly currentTree ├── is-scoped@1.0.0
21 silly currentTree ├── is-stream@1.1.0
21 silly currentTree ├── is-utf8@0.2.1
21 silly currentTree ├── is-windows@1.0.2
21 silly currentTree ├── isarray@0.0.1
21 silly currentTree ├── isbinaryfile@3.0.2
21 silly currentTree ├── isexe@2.0.0
21 silly currentTree ├── isobject@3.0.1
21 silly currentTree ├── isomorphic-fetch@2.2.1
21 silly currentTree ├── istextorbinary@2.2.1
21 silly currentTree ├── isurl@1.0.0
21 silly currentTree ├── js-tokens@3.0.2
21 silly currentTree ├─┬ jscodeshift@0.5.0
21 silly currentTree │ ├── arr-diff@2.0.0
21 silly currentTree │ ├── array-unique@0.2.1
21 silly currentTree │ ├── babylon@7.0.0-beta.47
21 silly currentTree │ ├── braces@1.8.5
21 silly currentTree │ ├── expand-brackets@0.1.5
21 silly currentTree │ ├── extglob@0.3.2
21 silly currentTree │ ├── is-extglob@1.0.0
21 silly currentTree │ ├── is-glob@2.0.1
21 silly currentTree │ ├── kind-of@3.2.2
21 silly currentTree │ └── micromatch@2.3.11
21 silly currentTree ├── jsesc@1.3.0
21 silly currentTree ├── json-buffer@3.0.0
21 silly currentTree ├── json-parse-better-errors@1.0.2
21 silly currentTree ├── json-schema-traverse@0.3.1
21 silly currentTree ├── json5@0.5.1
21 silly currentTree ├── keyv@3.0.0
21 silly currentTree ├── kind-of@6.0.2
21 silly currentTree ├── lcid@1.0.0
21 silly currentTree ├── leb@0.3.0
21 silly currentTree ├── listr-silent-renderer@1.1.1
21 silly currentTree ├─┬ listr-update-renderer@0.4.0
21 silly currentTree │ ├── figures@1.7.0
21 silly currentTree │ ├── indent-string@3.2.0
21 silly currentTree │ └── log-symbols@1.0.2
21 silly currentTree ├─┬ listr-verbose-renderer@0.4.1
21 silly currentTree │ ├── cli-cursor@1.0.2
21 silly currentTree │ ├── figures@1.7.0
21 silly currentTree │ ├── onetime@1.1.0
21 silly currentTree │ └── restore-cursor@1.0.1
21 silly currentTree ├─┬ listr@0.13.0
21 silly currentTree │ ├── figures@1.7.0
21 silly currentTree │ └── log-symbols@1.0.2
21 silly currentTree ├─┬ load-json-file@4.0.0
21 silly currentTree │ └── strip-bom@3.0.0
21 silly currentTree ├── loader-runner@2.3.0
21 silly currentTree ├── loader-utils@1.1.0
21 silly currentTree ├── locate-path@2.0.0
21 silly currentTree ├── lodash-es@4.17.10
21 silly currentTree ├── lodash@4.17.10
21 silly currentTree ├─┬ log-symbols@2.2.0
21 silly currentTree │ ├── ansi-styles@3.2.1
21 silly currentTree │ ├── chalk@2.4.1
21 silly currentTree │ └── supports-color@5.4.0
21 silly currentTree ├─┬ log-update@1.0.2
21 silly currentTree │ ├── ansi-escapes@1.4.0
21 silly currentTree │ ├── cli-cursor@1.0.2
21 silly currentTree │ ├── onetime@1.1.0
21 silly currentTree │ └── restore-cursor@1.0.1
21 silly currentTree ├── long@3.2.0
21 silly currentTree ├── loose-envify@1.3.1
21 silly currentTree ├── lowercase-keys@1.0.1
21 silly currentTree ├── lru-cache@4.1.3
21 silly currentTree ├── make-dir@1.3.0
21 silly currentTree ├── map-cache@0.2.2
21 silly currentTree ├── map-visit@1.0.0
21 silly currentTree ├── math-random@1.0.1
21 silly currentTree ├── md5.js@1.3.4
21 silly currentTree ├─┬ mem-fs-editor@4.0.2
21 silly currentTree │ ├── clone-stats@1.0.0
21 silly currentTree │ ├── clone@2.1.1
21 silly currentTree │ ├── replace-ext@1.0.0
21 silly currentTree │ └── vinyl@2.1.0
21 silly currentTree ├── mem-fs@1.1.3
21 silly currentTree ├── mem@1.1.0
21 silly currentTree ├── memory-fs@0.4.1
21 silly currentTree ├── merge2@1.2.2
21 silly currentTree ├── micromatch@3.1.10
21 silly currentTree ├── miller-rabin@4.0.1
21 silly currentTree ├── mimic-fn@1.2.0
21 silly currentTree ├── mimic-response@1.0.0
21 silly currentTree ├── minimalistic-assert@1.0.1
21 silly currentTree ├── minimalistic-crypto-utils@1.0.1
21 silly currentTree ├── minimatch@3.0.4
21 silly currentTree ├── minimist@0.0.8
21 silly currentTree ├── mississippi@2.0.0
21 silly currentTree ├─┬ mixin-deep@1.3.1
21 silly currentTree │ └── is-extendable@1.0.1
21 silly currentTree ├── mkdirp@0.5.1
21 silly currentTree ├── move-concurrently@1.0.1
21 silly currentTree ├── ms@2.0.0
21 silly currentTree ├── multimatch@2.1.0
21 silly currentTree ├── mute-stream@0.0.7
21 silly currentTree ├── nan@2.10.0
21 silly currentTree ├── nanomatch@1.2.9
21 silly currentTree ├── neo-async@2.5.1
21 silly currentTree ├── nice-try@1.0.4
21 silly currentTree ├── node-dir@0.1.8
21 silly currentTree ├── node-fetch@1.7.3
21 silly currentTree ├─┬ node-libs-browser@2.1.0
21 silly currentTree │ └── punycode@1.4.1
21 silly currentTree ├─┬ nomnom@1.8.1
21 silly currentTree │ ├── ansi-styles@1.0.0
21 silly currentTree │ ├── chalk@0.4.0
21 silly currentTree │ └── strip-ansi@0.1.1
21 silly currentTree ├── normalize-package-data@2.4.0
21 silly currentTree ├── normalize-path@2.1.1
21 silly currentTree ├── normalize-url@2.0.1
21 silly currentTree ├── npm-run-path@2.0.2
21 silly currentTree ├── number-is-nan@1.0.1
21 silly currentTree ├── object-assign@4.1.1
21 silly currentTree ├─┬ object-copy@0.1.0
21 silly currentTree │ ├── define-property@0.2.5
21 silly currentTree │ └── kind-of@3.2.2
21 silly currentTree ├── object-visit@1.0.1
21 silly currentTree ├── object.omit@2.0.1
21 silly currentTree ├── object.pick@1.3.0
21 silly currentTree ├── once@1.4.0
21 silly currentTree ├── onetime@2.0.1
21 silly currentTree ├─┬ ora@0.2.3
21 silly currentTree │ ├── cli-cursor@1.0.2
21 silly currentTree │ ├── onetime@1.1.0
21 silly currentTree │ └── restore-cursor@1.0.1
21 silly currentTree ├── os-browserify@0.3.0
21 silly currentTree ├── os-homedir@1.0.2
21 silly currentTree ├── os-locale@2.1.0
21 silly currentTree ├── os-tmpdir@1.0.2
21 silly currentTree ├── p-cancelable@0.4.1
21 silly currentTree ├── p-each-series@1.0.0
21 silly currentTree ├── p-finally@1.0.0
21 silly currentTree ├── p-is-promise@1.1.0
21 silly currentTree ├── p-lazy@1.0.0
21 silly currentTree ├── p-limit@1.2.0
21 silly currentTree ├── p-locate@2.0.0
21 silly currentTree ├── p-map@1.2.0
21 silly currentTree ├── p-reduce@1.0.0
21 silly currentTree ├── p-timeout@2.0.1
21 silly currentTree ├── p-try@1.0.0
21 silly currentTree ├── pako@1.0.6
21 silly currentTree ├── parallel-transform@1.1.0
21 silly currentTree ├── parse-asn1@5.1.1
21 silly currentTree ├─┬ parse-glob@3.0.4
21 silly currentTree │ ├── is-extglob@1.0.0
21 silly currentTree │ └── is-glob@2.0.1
21 silly currentTree ├── parse-json@4.0.0
21 silly currentTree ├── parse-passwd@1.0.0
21 silly currentTree ├── pascalcase@0.1.1
21 silly currentTree ├── path-browserify@0.0.0
21 silly currentTree ├── path-dirname@1.0.2
21 silly currentTree ├── path-exists@3.0.0
21 silly currentTree ├── path-is-absolute@1.0.1
21 silly currentTree ├── path-key@2.0.1
21 silly currentTree ├── path-parse@1.0.5
21 silly currentTree ├── path-to-regexp@1.7.0
21 silly currentTree ├── path-type@3.0.0
21 silly currentTree ├── pbkdf2@3.0.16
21 silly currentTree ├── pify@3.0.0
21 silly currentTree ├── pinkie-promise@2.0.1
21 silly currentTree ├── pinkie@2.0.4
21 silly currentTree ├── pkg-dir@2.0.0
21 silly currentTree ├── posix-character-classes@0.1.1
21 silly currentTree ├── prepend-http@2.0.0
21 silly currentTree ├── preserve@0.2.0
21 silly currentTree ├── prettier@1.12.1
21 silly currentTree ├── pretty-bytes@4.0.2
21 silly currentTree ├── private@0.1.8
21 silly currentTree ├── process-nextick-args@2.0.0
21 silly currentTree ├── process@0.11.10
21 silly currentTree ├── promise-inflight@1.0.1
21 silly currentTree ├── promise@7.3.1
21 silly currentTree ├── prop-types@15.6.1
21 silly currentTree ├── prr@1.0.1
21 silly currentTree ├── pseudomap@1.0.2
21 silly currentTree ├── public-encrypt@4.0.2
21 silly currentTree ├── pump@2.0.1
21 silly currentTree ├── pumpify@1.5.1
21 silly currentTree ├── punycode@2.1.0
21 silly currentTree ├── query-string@5.1.1
21 silly currentTree ├── querystring-es3@0.2.1
21 silly currentTree ├── querystring@0.2.0
21 silly currentTree ├─┬ randomatic@3.0.0
21 silly currentTree │ └── is-number@4.0.0
21 silly currentTree ├── randombytes@2.0.6
21 silly currentTree ├── randomfill@1.0.4
21 silly currentTree ├── react-dom@16.3.2
21 silly currentTree ├── react-lifecycles-compat@3.0.4
21 silly currentTree ├── react-modal@3.4.4
21 silly currentTree ├── react-redux@5.0.7
21 silly currentTree ├── react-router-dom@4.2.2
21 silly currentTree ├── react-router@4.2.0
21 silly currentTree ├── react-simple-flex-grid@1.2.1
21 silly currentTree ├── react-thunk@1.0.0
21 silly currentTree ├── react@16.3.2
21 silly currentTree ├── read-chunk@2.1.0
21 silly currentTree ├── read-pkg-up@3.0.0
21 silly currentTree ├── read-pkg@3.0.0
21 silly currentTree ├─┬ readable-stream@2.3.6
21 silly currentTree │ └── isarray@1.0.0
21 silly currentTree ├── readdirp@2.1.0
21 silly currentTree ├─┬ recast@0.14.7
21 silly currentTree │ └── source-map@0.6.1
21 silly currentTree ├── rechoir@0.6.2
21 silly currentTree ├── redux-logger@3.0.6
21 silly currentTree ├── redux-thunk@2.2.0
21 silly currentTree ├── redux@4.0.0
21 silly currentTree ├── regenerate@1.4.0
21 silly currentTree ├── regenerator-runtime@0.11.1
21 silly currentTree ├── regenerator-transform@0.10.1
21 silly currentTree ├── regex-cache@0.4.4
21 silly currentTree ├── regex-not@1.0.2
21 silly currentTree ├── regexpu-core@2.0.0
21 silly currentTree ├── regjsgen@0.2.0
21 silly currentTree ├─┬ regjsparser@0.1.5
21 silly currentTree │ └── jsesc@0.5.0
21 silly currentTree ├── remove-trailing-separator@1.1.0
21 silly currentTree ├── repeat-element@1.1.2
21 silly currentTree ├── repeat-string@1.6.1
21 silly currentTree ├── repeating@2.0.1
21 silly currentTree ├── replace-ext@0.0.1
21 silly currentTree ├── require-directory@2.1.1
21 silly currentTree ├── require-main-filename@1.0.1
21 silly currentTree ├── resolve-cwd@2.0.0
21 silly currentTree ├── resolve-dir@1.0.1
21 silly currentTree ├── resolve-from@3.0.0
21 silly currentTree ├── resolve-pathname@2.2.0
21 silly currentTree ├── resolve-url@0.2.1
21 silly currentTree ├── resolve@1.7.1
21 silly currentTree ├── responselike@1.0.2
21 silly currentTree ├── restore-cursor@2.0.0
21 silly currentTree ├── ret@0.1.15
21 silly currentTree ├── rimraf@2.6.2
21 silly currentTree ├── ripemd160@2.0.2
21 silly currentTree ├── run-async@2.3.0
21 silly currentTree ├── run-queue@1.0.3
21 silly currentTree ├─┬ rxjs@5.5.10
21 silly currentTree │ └── symbol-observable@1.0.1
21 silly currentTree ├── safe-buffer@5.1.2
21 silly currentTree ├── safe-regex@1.1.0
21 silly currentTree ├── safer-buffer@2.1.2
21 silly currentTree ├── schema-utils@0.4.5
21 silly currentTree ├── scoped-regex@1.0.0
21 silly currentTree ├── semver@5.5.0
21 silly currentTree ├── serialize-javascript@1.5.0
21 silly currentTree ├── set-blocking@2.0.0
21 silly currentTree ├── set-immediate-shim@1.0.1
21 silly currentTree ├─┬ set-value@2.0.0
21 silly currentTree │ └── extend-shallow@2.0.1
21 silly currentTree ├── setimmediate@1.0.5
21 silly currentTree ├── sha.js@2.4.11
21 silly currentTree ├── shebang-command@1.2.0
21 silly currentTree ├── shebang-regex@1.0.0
21 silly currentTree ├── shelljs@0.8.2
21 silly currentTree ├── signal-exit@3.0.2
21 silly currentTree ├── slash@1.0.0
21 silly currentTree ├── slice-ansi@0.0.4
21 silly currentTree ├── slide@1.1.6
21 silly currentTree ├─┬ snapdragon-node@2.1.1
21 silly currentTree │ ├── define-property@1.0.0
21 silly currentTree │ ├── is-accessor-descriptor@1.0.0
21 silly currentTree │ ├── is-data-descriptor@1.0.0
21 silly currentTree │ └── is-descriptor@1.0.2
21 silly currentTree ├─┬ snapdragon-util@3.0.1
21 silly currentTree │ └── kind-of@3.2.2
21 silly currentTree ├─┬ snapdragon@0.8.2
21 silly currentTree │ ├── define-property@0.2.5
21 silly currentTree │ └── extend-shallow@2.0.1
21 silly currentTree ├── sort-keys@2.0.0
21 silly currentTree ├── source-list-map@2.0.0
21 silly currentTree ├── source-map-resolve@0.5.2
21 silly currentTree ├── source-map-support@0.4.18
21 silly currentTree ├── source-map-url@0.4.0
21 silly currentTree ├── source-map@0.5.7
21 silly currentTree ├── spdx-correct@3.0.0
21 silly currentTree ├── spdx-exceptions@2.1.0
21 silly currentTree ├── spdx-expression-parse@3.0.0
21 silly currentTree ├── spdx-license-ids@3.0.0
21 silly currentTree ├── split-string@3.1.0
21 silly currentTree ├── ssri@5.3.0
21 silly currentTree ├─┬ static-extend@0.1.2
21 silly currentTree │ └── define-property@0.2.5
21 silly currentTree ├── stream-browserify@2.0.1
21 silly currentTree ├── stream-each@1.2.2
21 silly currentTree ├── stream-http@2.8.2
21 silly currentTree ├── stream-shift@1.0.0
21 silly currentTree ├── stream-to-observable@0.2.0
21 silly currentTree ├── strict-uri-encode@1.1.0
21 silly currentTree ├── string_decoder@1.1.1
21 silly currentTree ├── string-template@0.2.1
21 silly currentTree ├─┬ string-width@2.1.1
21 silly currentTree │ ├── ansi-regex@3.0.0
21 silly currentTree │ └── strip-ansi@4.0.0
21 silly currentTree ├── strip-ansi@3.0.1
21 silly currentTree ├── strip-bom-stream@2.0.0
21 silly currentTree ├── strip-bom@2.0.0
21 silly currentTree ├── strip-eof@1.0.0
21 silly currentTree ├── supports-color@2.0.0
21 silly currentTree ├── symbol-observable@1.2.0
21 silly currentTree ├── tapable@1.0.0
21 silly currentTree ├─┬ temp@0.8.3
21 silly currentTree │ └── rimraf@2.2.8
21 silly currentTree ├── text-table@0.2.0
21 silly currentTree ├── textextensions@2.2.0
21 silly currentTree ├── through@2.3.8
21 silly currentTree ├── through2@2.0.3
21 silly currentTree ├── timed-out@4.0.1
21 silly currentTree ├── timers-browserify@2.0.10
21 silly currentTree ├── tmp@0.0.33
21 silly currentTree ├── to-arraybuffer@1.0.1
21 silly currentTree ├── to-fast-properties@1.0.3
21 silly currentTree ├─┬ to-object-path@0.3.0
21 silly currentTree │ └── kind-of@3.2.2
21 silly currentTree ├── to-regex-range@2.1.1
21 silly currentTree ├── to-regex@3.0.2
21 silly currentTree ├── trim-right@1.0.1
21 silly currentTree ├── tty-browserify@0.0.0
21 silly currentTree ├── typedarray@0.0.6
21 silly currentTree ├── ua-parser-js@0.7.18
21 silly currentTree ├─┬ uglify-es@3.3.9
21 silly currentTree │ └── source-map@0.6.1
21 silly currentTree ├─┬ uglifyjs-webpack-plugin@1.2.5
21 silly currentTree │ └── source-map@0.6.1
21 silly currentTree ├── underscore@1.6.0
21 silly currentTree ├─┬ union-value@1.0.0
21 silly currentTree │ ├── extend-shallow@2.0.1
21 silly currentTree │ └── set-value@0.4.3
21 silly currentTree ├── unique-filename@1.1.0
21 silly currentTree ├── unique-slug@2.0.0
21 silly currentTree ├─┬ unset-value@1.0.0
21 silly currentTree │ ├─┬ has-value@0.3.1
21 silly currentTree │ │ └── isobject@2.1.0
21 silly currentTree │ ├── has-values@0.1.4
21 silly currentTree │ └── isarray@1.0.0
21 silly currentTree ├── untildify@3.0.2
21 silly currentTree ├── upath@1.1.0
21 silly currentTree ├── uri-js@4.2.1
21 silly currentTree ├── urix@0.1.0
21 silly currentTree ├── url-parse-lax@3.0.0
21 silly currentTree ├── url-to-options@1.0.1
21 silly currentTree ├─┬ url@0.11.0
21 silly currentTree │ └── punycode@1.3.2
21 silly currentTree ├── use@3.1.0
21 silly currentTree ├── util-deprecate@1.0.2
21 silly currentTree ├─┬ util@0.10.3
21 silly currentTree │ └── inherits@2.0.1
21 silly currentTree ├── v8-compile-cache@1.1.2
21 silly currentTree ├── validate-npm-package-license@3.0.3
21 silly currentTree ├── value-equal@0.4.0
21 silly currentTree ├─┬ vinyl-file@2.0.0
21 silly currentTree │ └── pify@2.3.0
21 silly currentTree ├── vinyl@1.2.0
21 silly currentTree ├── vm-browserify@0.0.4
21 silly currentTree ├── warning@3.0.0
21 silly currentTree ├── watchpack@1.6.0
21 silly currentTree ├── webassemblyjs@1.4.3
21 silly currentTree ├─┬ webpack-addons@1.1.5
21 silly currentTree │ ├── arr-diff@2.0.0
21 silly currentTree │ ├── array-unique@0.2.1
21 silly currentTree │ ├── ast-types@0.10.1
21 silly currentTree │ ├── braces@1.8.5
21 silly currentTree │ ├── expand-brackets@0.1.5
21 silly currentTree │ ├── extglob@0.3.2
21 silly currentTree │ ├── is-extglob@1.0.0
21 silly currentTree │ ├── is-glob@2.0.1
21 silly currentTree │ ├── jscodeshift@0.4.1
21 silly currentTree │ ├── kind-of@3.2.2
21 silly currentTree │ ├── micromatch@2.3.11
21 silly currentTree │ ├── recast@0.12.9
21 silly currentTree │ └── source-map@0.6.1
21 silly currentTree ├─┬ webpack-cli@2.1.3
21 silly currentTree │ ├── ansi-styles@3.2.1
21 silly currentTree │ ├── chalk@2.4.1
21 silly currentTree │ └── supports-color@5.4.0
21 silly currentTree ├─┬ webpack-sources@1.1.0
21 silly currentTree │ └── source-map@0.6.1
21 silly currentTree ├── webpack@4.8.3
21 silly currentTree ├── whatwg-fetch@2.0.4
21 silly currentTree ├── which-module@2.0.0
21 silly currentTree ├── which@1.3.0
21 silly currentTree ├── worker-farm@1.6.0
21 silly currentTree ├─┬ wrap-ansi@2.1.0
21 silly currentTree │ ├── is-fullwidth-code-point@1.0.0
21 silly currentTree │ └── string-width@1.0.2
21 silly currentTree ├── wrappy@1.0.2
21 silly currentTree ├── write-file-atomic@1.3.4
21 silly currentTree ├── xtend@4.0.1
21 silly currentTree ├── y18n@4.0.0
21 silly currentTree ├── yallist@2.1.2
21 silly currentTree ├── yargs-parser@9.0.2
21 silly currentTree ├─┬ yargs@11.1.0
21 silly currentTree │ └── y18n@3.2.1
21 silly currentTree ├─┬ yeoman-environment@2.1.1
21 silly currentTree │ ├── ansi-regex@3.0.0
21 silly currentTree │ ├── ansi-styles@3.2.1
21 silly currentTree │ ├── chalk@2.4.1
21 silly currentTree │ ├── debug@3.1.0
21 silly currentTree │ ├── strip-ansi@4.0.0
21 silly currentTree │ └── supports-color@5.4.0
21 silly currentTree └─┬ yeoman-generator@2.0.5
21 silly currentTree   ├── ansi-styles@3.2.1
21 silly currentTree   ├── async@2.6.0
21 silly currentTree   ├── chalk@2.4.1
21 silly currentTree   ├── debug@3.1.0
21 silly currentTree   ├── minimist@1.2.0
21 silly currentTree   └── supports-color@5.4.0
22 silly idealTree ddot@1.0.0
22 silly idealTree ├── @mrmlnc/readdir-enhanced@2.2.1
22 silly idealTree ├── @nodelib/fs.stat@1.0.2
22 silly idealTree ├── @sindresorhus/is@0.7.0
22 silly idealTree ├─┬ @webassemblyjs/ast@1.4.3
22 silly idealTree │ └── debug@3.1.0
22 silly idealTree ├── @webassemblyjs/floating-point-hex-parser@1.4.3
22 silly idealTree ├─┬ @webassemblyjs/helper-buffer@1.4.3
22 silly idealTree │ └── debug@3.1.0
22 silly idealTree ├── @webassemblyjs/helper-code-frame@1.4.3
22 silly idealTree ├── @webassemblyjs/helper-fsm@1.4.3
22 silly idealTree ├── @webassemblyjs/helper-wasm-bytecode@1.4.3
22 silly idealTree ├─┬ @webassemblyjs/helper-wasm-section@1.4.3
22 silly idealTree │ └── debug@3.1.0
22 silly idealTree ├── @webassemblyjs/leb128@1.4.3
22 silly idealTree ├── @webassemblyjs/validation@1.4.3
22 silly idealTree ├─┬ @webassemblyjs/wasm-edit@1.4.3
22 silly idealTree │ └── debug@3.1.0
22 silly idealTree ├── @webassemblyjs/wasm-gen@1.4.3
22 silly idealTree ├─┬ @webassemblyjs/wasm-opt@1.4.3
22 silly idealTree │ └── debug@3.1.0
22 silly idealTree ├── @webassemblyjs/wasm-parser@1.4.3
22 silly idealTree ├── @webassemblyjs/wast-parser@1.4.3
22 silly idealTree ├── @webassemblyjs/wast-printer@1.4.3
22 silly idealTree ├── acorn-dynamic-import@3.0.0
22 silly idealTree ├── acorn@5.5.3
22 silly idealTree ├── ajv-keywords@3.2.0
22 silly idealTree ├── ajv@6.5.0
22 silly idealTree ├── ansi-escapes@3.1.0
22 silly idealTree ├── ansi-regex@2.1.1
22 silly idealTree ├── ansi-styles@2.2.1
22 silly idealTree ├── any-observable@0.2.0
22 silly idealTree ├── anymatch@2.0.0
22 silly idealTree ├── aproba@1.2.0
22 silly idealTree ├── arr-diff@4.0.0
22 silly idealTree ├── arr-flatten@1.1.0
22 silly idealTree ├── arr-union@3.1.0
22 silly idealTree ├── array-differ@1.0.0
22 silly idealTree ├── array-union@1.0.2
22 silly idealTree ├── array-uniq@1.0.3
22 silly idealTree ├── array-unique@0.3.2
22 silly idealTree ├── arrify@1.0.1
22 silly idealTree ├── asap@2.0.6
22 silly idealTree ├── asn1.js@4.10.1
22 silly idealTree ├── assert@1.4.1
22 silly idealTree ├── assign-symbols@1.0.0
22 silly idealTree ├── ast-types@0.11.3
22 silly idealTree ├── async-each@1.0.1
22 silly idealTree ├── async@1.5.2
22 silly idealTree ├── atob@2.1.1
22 silly idealTree ├── babel-code-frame@6.26.0
22 silly idealTree ├── babel-core@6.26.3
22 silly idealTree ├── babel-generator@6.26.1
22 silly idealTree ├── babel-helper-bindify-decorators@6.24.1
22 silly idealTree ├── babel-helper-builder-binary-assignment-operator-visitor@6.24.1
22 silly idealTree ├── babel-helper-builder-react-jsx@6.26.0
22 silly idealTree ├── babel-helper-call-delegate@6.24.1
22 silly idealTree ├── babel-helper-define-map@6.26.0
22 silly idealTree ├── babel-helper-explode-assignable-expression@6.24.1
22 silly idealTree ├── babel-helper-explode-class@6.24.1
22 silly idealTree ├── babel-helper-function-name@6.24.1
22 silly idealTree ├── babel-helper-get-function-arity@6.24.1
22 silly idealTree ├── babel-helper-hoist-variables@6.24.1
22 silly idealTree ├── babel-helper-optimise-call-expression@6.24.1
22 silly idealTree ├── babel-helper-regex@6.26.0
22 silly idealTree ├── babel-helper-remap-async-to-generator@6.24.1
22 silly idealTree ├── babel-helper-replace-supers@6.24.1
22 silly idealTree ├── babel-helpers@6.24.1
22 silly idealTree ├── babel-loader@7.1.4
22 silly idealTree ├── babel-messages@6.23.0
22 silly idealTree ├── babel-plugin-check-es2015-constants@6.22.0
22 silly idealTree ├── babel-plugin-syntax-async-functions@6.13.0
22 silly idealTree ├── babel-plugin-syntax-async-generators@6.13.0
22 silly idealTree ├── babel-plugin-syntax-class-constructor-call@6.18.0
22 silly idealTree ├── babel-plugin-syntax-class-properties@6.13.0
22 silly idealTree ├── babel-plugin-syntax-decorators@6.13.0
22 silly idealTree ├── babel-plugin-syntax-dynamic-import@6.18.0
22 silly idealTree ├── babel-plugin-syntax-exponentiation-operator@6.13.0
22 silly idealTree ├── babel-plugin-syntax-export-extensions@6.13.0
22 silly idealTree ├── babel-plugin-syntax-flow@6.18.0
22 silly idealTree ├── babel-plugin-syntax-jsx@6.18.0
22 silly idealTree ├── babel-plugin-syntax-object-rest-spread@6.13.0
22 silly idealTree ├── babel-plugin-syntax-trailing-function-commas@6.22.0
22 silly idealTree ├── babel-plugin-transform-async-generator-functions@6.24.1
22 silly idealTree ├── babel-plugin-transform-async-to-generator@6.24.1
22 silly idealTree ├── babel-plugin-transform-class-constructor-call@6.24.1
22 silly idealTree ├── babel-plugin-transform-class-properties@6.24.1
22 silly idealTree ├── babel-plugin-transform-decorators@6.24.1
22 silly idealTree ├── babel-plugin-transform-es2015-arrow-functions@6.22.0
22 silly idealTree ├── babel-plugin-transform-es2015-block-scoped-functions@6.22.0
22 silly idealTree ├── babel-plugin-transform-es2015-block-scoping@6.26.0
22 silly idealTree ├── babel-plugin-transform-es2015-classes@6.24.1
22 silly idealTree ├── babel-plugin-transform-es2015-computed-properties@6.24.1
22 silly idealTree ├── babel-plugin-transform-es2015-destructuring@6.23.0
22 silly idealTree ├── babel-plugin-transform-es2015-duplicate-keys@6.24.1
22 silly idealTree ├── babel-plugin-transform-es2015-for-of@6.23.0
22 silly idealTree ├── babel-plugin-transform-es2015-function-name@6.24.1
22 silly idealTree ├── babel-plugin-transform-es2015-literals@6.22.0
22 silly idealTree ├── babel-plugin-transform-es2015-modules-amd@6.24.1
22 silly idealTree ├── babel-plugin-transform-es2015-modules-commonjs@6.26.2
22 silly idealTree ├── babel-plugin-transform-es2015-modules-systemjs@6.24.1
22 silly idealTree ├── babel-plugin-transform-es2015-modules-umd@6.24.1
22 silly idealTree ├── babel-plugin-transform-es2015-object-super@6.24.1
22 silly idealTree ├── babel-plugin-transform-es2015-parameters@6.24.1
22 silly idealTree ├── babel-plugin-transform-es2015-shorthand-properties@6.24.1
22 silly idealTree ├── babel-plugin-transform-es2015-spread@6.22.0
22 silly idealTree ├── babel-plugin-transform-es2015-sticky-regex@6.24.1
22 silly idealTree ├── babel-plugin-transform-es2015-template-literals@6.22.0
22 silly idealTree ├── babel-plugin-transform-es2015-typeof-symbol@6.23.0
22 silly idealTree ├── babel-plugin-transform-es2015-unicode-regex@6.24.1
22 silly idealTree ├── babel-plugin-transform-exponentiation-operator@6.24.1
22 silly idealTree ├── babel-plugin-transform-export-extensions@6.22.0
22 silly idealTree ├── babel-plugin-transform-flow-strip-types@6.22.0
22 silly idealTree ├── babel-plugin-transform-object-rest-spread@6.26.0
22 silly idealTree ├── babel-plugin-transform-react-display-name@6.25.0
22 silly idealTree ├── babel-plugin-transform-react-jsx-self@6.22.0
22 silly idealTree ├── babel-plugin-transform-react-jsx-source@6.22.0
22 silly idealTree ├── babel-plugin-transform-react-jsx@6.24.1
22 silly idealTree ├── babel-plugin-transform-regenerator@6.26.0
22 silly idealTree ├── babel-plugin-transform-strict-mode@6.24.1
22 silly idealTree ├── babel-preset-env@1.7.0
22 silly idealTree ├── babel-preset-es2015@6.24.1
22 silly idealTree ├── babel-preset-flow@6.23.0
22 silly idealTree ├── babel-preset-react@6.24.1
22 silly idealTree ├── babel-preset-stage-1@6.24.1
22 silly idealTree ├── babel-preset-stage-2@6.24.1
22 silly idealTree ├── babel-preset-stage-3@6.24.1
22 silly idealTree ├── babel-register@6.26.0
22 silly idealTree ├── babel-runtime@6.26.0
22 silly idealTree ├── babel-template@6.26.0
22 silly idealTree ├── babel-traverse@6.26.0
22 silly idealTree ├── babel-types@6.26.0
22 silly idealTree ├── babylon@6.18.0
22 silly idealTree ├── balanced-match@1.0.0
22 silly idealTree ├─┬ base@0.11.2
22 silly idealTree │ ├── define-property@1.0.0
22 silly idealTree │ ├── is-accessor-descriptor@1.0.0
22 silly idealTree │ ├── is-data-descriptor@1.0.0
22 silly idealTree │ └── is-descriptor@1.0.2
22 silly idealTree ├── base64-js@1.3.0
22 silly idealTree ├── big.js@3.2.0
22 silly idealTree ├── binary-extensions@1.11.0
22 silly idealTree ├── binaryextensions@2.1.1
22 silly idealTree ├── bluebird@3.5.1
22 silly idealTree ├── bn.js@4.11.8
22 silly idealTree ├── brace-expansion@1.1.11
22 silly idealTree ├─┬ braces@2.3.2
22 silly idealTree │ └── extend-shallow@2.0.1
22 silly idealTree ├── brorand@1.1.0
22 silly idealTree ├── browserify-aes@1.2.0
22 silly idealTree ├── browserify-cipher@1.0.1
22 silly idealTree ├── browserify-des@1.0.1
22 silly idealTree ├── browserify-rsa@4.0.1
22 silly idealTree ├── browserify-sign@4.0.4
22 silly idealTree ├── browserify-zlib@0.2.0
22 silly idealTree ├── browserslist@3.2.7
22 silly idealTree ├── buffer-from@1.0.0
22 silly idealTree ├── buffer-xor@1.0.3
22 silly idealTree ├─┬ buffer@4.9.1
22 silly idealTree │ └── isarray@1.0.0
22 silly idealTree ├── builtin-modules@1.1.1
22 silly idealTree ├── builtin-status-codes@3.0.0
22 silly idealTree ├── cacache@10.0.4
22 silly idealTree ├── cache-base@1.0.1
22 silly idealTree ├─┬ cacheable-request@2.1.4
22 silly idealTree │ └── lowercase-keys@1.0.0
22 silly idealTree ├── call-me-maybe@1.0.1
22 silly idealTree ├── camelcase@4.1.0
22 silly idealTree ├── caniuse-lite@1.0.30000843
22 silly idealTree ├── chalk@1.1.3
22 silly idealTree ├── chardet@0.4.2
22 silly idealTree ├── chokidar@2.0.3
22 silly idealTree ├── chownr@1.0.1
22 silly idealTree ├── chrome-trace-event@0.1.3
22 silly idealTree ├── cipher-base@1.0.4
22 silly idealTree ├─┬ class-utils@0.3.6
22 silly idealTree │ └── define-property@0.2.5
22 silly idealTree ├── classnames@2.2.5
22 silly idealTree ├── cli-cursor@2.1.0
22 silly idealTree ├── cli-spinners@0.1.2
22 silly idealTree ├─┬ cli-table@0.3.1
22 silly idealTree │ └── colors@1.0.3
22 silly idealTree ├─┬ cli-truncate@0.2.1
22 silly idealTree │ ├── is-fullwidth-code-point@1.0.0
22 silly idealTree │ └── string-width@1.0.2
22 silly idealTree ├── cli-width@2.2.0
22 silly idealTree ├─┬ cliui@4.1.0
22 silly idealTree │ ├── ansi-regex@3.0.0
22 silly idealTree │ └── strip-ansi@4.0.0
22 silly idealTree ├── clone-buffer@1.0.0
22 silly idealTree ├── clone-response@1.0.2
22 silly idealTree ├── clone-stats@0.0.1
22 silly idealTree ├── clone@1.0.4
22 silly idealTree ├── cloneable-readable@1.1.2
22 silly idealTree ├── code-point-at@1.1.0
22 silly idealTree ├── collection-visit@1.0.0
22 silly idealTree ├── color-convert@1.9.1
22 silly idealTree ├── color-name@1.1.3
22 silly idealTree ├── colors@1.2.5
22 silly idealTree ├── commander@2.13.0
22 silly idealTree ├── commondir@1.0.1
22 silly idealTree ├── component-emitter@1.2.1
22 silly idealTree ├── concat-map@0.0.1
22 silly idealTree ├── concat-stream@1.6.2
22 silly idealTree ├── console-browserify@1.1.0
22 silly idealTree ├── constants-browserify@1.0.0
22 silly idealTree ├── convert-source-map@1.5.1
22 silly idealTree ├── copy-concurrently@1.0.5
22 silly idealTree ├── copy-descriptor@0.1.1
22 silly idealTree ├── core-js@2.5.6
22 silly idealTree ├── core-util-is@1.0.2
22 silly idealTree ├── create-ecdh@4.0.3
22 silly idealTree ├── create-hash@1.2.0
22 silly idealTree ├── create-hmac@1.1.7
22 silly idealTree ├── cross-spawn@6.0.5
22 silly idealTree ├── crypto-browserify@3.12.0
22 silly idealTree ├── cyclist@0.2.2
22 silly idealTree ├── dargs@5.1.0
22 silly idealTree ├── date-fns@1.29.0
22 silly idealTree ├── date-now@0.1.4
22 silly idealTree ├── dateformat@3.0.3
22 silly idealTree ├── debug@2.6.9
22 silly idealTree ├── decamelize@1.2.0
22 silly idealTree ├── decode-uri-component@0.2.0
22 silly idealTree ├── decompress-response@3.3.0
22 silly idealTree ├── deep-diff@0.3.8
22 silly idealTree ├── deep-extend@0.5.1
22 silly idealTree ├─┬ define-property@2.0.2
22 silly idealTree │ ├── is-accessor-descriptor@1.0.0
22 silly idealTree │ ├── is-data-descriptor@1.0.0
22 silly idealTree │ └── is-descriptor@1.0.2
22 silly idealTree ├── des.js@1.0.0
22 silly idealTree ├── detect-conflict@1.0.1
22 silly idealTree ├── detect-indent@4.0.0
22 silly idealTree ├── diff@3.5.0
22 silly idealTree ├── diffie-hellman@5.0.3
22 silly idealTree ├── dir-glob@2.0.0
22 silly idealTree ├── domain-browser@1.2.0
22 silly idealTree ├── duplexer3@0.1.4
22 silly idealTree ├── duplexify@3.6.0
22 silly idealTree ├── editions@1.3.4
22 silly idealTree ├── ejs@2.6.1
22 silly idealTree ├── electron-to-chromium@1.3.47
22 silly idealTree ├── elegant-spinner@1.0.1
22 silly idealTree ├── elliptic@6.4.0
22 silly idealTree ├── emojis-list@2.1.0
22 silly idealTree ├── encoding@0.1.12
22 silly idealTree ├── end-of-stream@1.4.1
22 silly idealTree ├── enhanced-resolve@4.0.0
22 silly idealTree ├── envinfo@4.4.2
22 silly idealTree ├── errno@0.1.7
22 silly idealTree ├── error-ex@1.3.1
22 silly idealTree ├── error@7.0.2
22 silly idealTree ├── escape-string-regexp@1.0.5
22 silly idealTree ├── eslint-scope@3.7.1
22 silly idealTree ├── esprima@4.0.0
22 silly idealTree ├── esrecurse@4.2.1
22 silly idealTree ├── estraverse@4.2.0
22 silly idealTree ├── esutils@2.0.2
22 silly idealTree ├── events@1.1.1
22 silly idealTree ├── evp_bytestokey@1.0.3
22 silly idealTree ├─┬ execa@0.7.0
22 silly idealTree │ └── cross-spawn@5.1.0
22 silly idealTree ├── exenv@1.2.2
22 silly idealTree ├── exit-hook@1.1.1
22 silly idealTree ├─┬ expand-brackets@2.1.4
22 silly idealTree │ ├── define-property@0.2.5
22 silly idealTree │ └── extend-shallow@2.0.1
22 silly idealTree ├─┬ expand-range@1.8.2
22 silly idealTree │ ├── fill-range@2.2.4
22 silly idealTree │ ├── is-number@2.1.0
22 silly idealTree │ ├── isarray@1.0.0
22 silly idealTree │ ├── isobject@2.1.0
22 silly idealTree │ └── kind-of@3.2.2
22 silly idealTree ├── expand-tilde@2.0.2
22 silly idealTree ├─┬ extend-shallow@3.0.2
22 silly idealTree │ └── is-extendable@1.0.1
22 silly idealTree ├── external-editor@2.2.0
22 silly idealTree ├─┬ extglob@2.0.4
22 silly idealTree │ ├── define-property@1.0.0
22 silly idealTree │ ├── extend-shallow@2.0.1
22 silly idealTree │ ├── is-accessor-descriptor@1.0.0
22 silly idealTree │ ├── is-data-descriptor@1.0.0
22 silly idealTree │ └── is-descriptor@1.0.2
22 silly idealTree ├── fast-deep-equal@2.0.1
22 silly idealTree ├── fast-glob@2.2.2
22 silly idealTree ├── fast-json-stable-stringify@2.0.0
22 silly idealTree ├─┬ fbjs@0.8.16
22 silly idealTree │ └── core-js@1.2.7
22 silly idealTree ├── figures@2.0.0
22 silly idealTree ├── filename-regex@2.0.1
22 silly idealTree ├─┬ fill-range@4.0.0
22 silly idealTree │ └── extend-shallow@2.0.1
22 silly idealTree ├── find-cache-dir@1.0.0
22 silly idealTree ├── find-up@2.1.0
22 silly idealTree ├── first-chunk-stream@2.0.0
22 silly idealTree ├── flow-parser@0.72.0
22 silly idealTree ├── flush-write-stream@1.0.3
22 silly idealTree ├── for-in@1.0.2
22 silly idealTree ├── for-own@0.1.5
22 silly idealTree ├── fragment-cache@0.2.1
22 silly idealTree ├── from2@2.3.0
22 silly idealTree ├── fs-write-stream-atomic@1.0.10
22 silly idealTree ├── fs.realpath@1.0.0
22 silly idealTree ├─┬ fsevents@1.2.4
22 silly idealTree │ ├── abbrev@1.1.1
22 silly idealTree │ ├── ansi-regex@2.1.1
22 silly idealTree │ ├── aproba@1.2.0
22 silly idealTree │ ├── are-we-there-yet@1.1.4
22 silly idealTree │ ├── balanced-match@1.0.0
22 silly idealTree │ ├── brace-expansion@1.1.11
22 silly idealTree │ ├── chownr@1.0.1
22 silly idealTree │ ├── code-point-at@1.1.0
22 silly idealTree │ ├── concat-map@0.0.1
22 silly idealTree │ ├── console-control-strings@1.1.0
22 silly idealTree │ ├── core-util-is@1.0.2
22 silly idealTree │ ├── debug@2.6.9
22 silly idealTree │ ├── deep-extend@0.5.1
22 silly idealTree │ ├── delegates@1.0.0
22 silly idealTree │ ├── detect-libc@1.0.3
22 silly idealTree │ ├── fs-minipass@1.2.5
22 silly idealTree │ ├── fs.realpath@1.0.0
22 silly idealTree │ ├── gauge@2.7.4
22 silly idealTree │ ├── glob@7.1.2
22 silly idealTree │ ├── has-unicode@2.0.1
22 silly idealTree │ ├── iconv-lite@0.4.21
22 silly idealTree │ ├── ignore-walk@3.0.1
22 silly idealTree │ ├── inflight@1.0.6
22 silly idealTree │ ├── inherits@2.0.3
22 silly idealTree │ ├── ini@1.3.5
22 silly idealTree │ ├── is-fullwidth-code-point@1.0.0
22 silly idealTree │ ├── isarray@1.0.0
22 silly idealTree │ ├── minimatch@3.0.4
22 silly idealTree │ ├── minimist@0.0.8
22 silly idealTree │ ├── minipass@2.2.4
22 silly idealTree │ ├── minizlib@1.1.0
22 silly idealTree │ ├── mkdirp@0.5.1
22 silly idealTree │ ├── ms@2.0.0
22 silly idealTree │ ├── needle@2.2.0
22 silly idealTree │ ├── node-pre-gyp@0.10.0
22 silly idealTree │ ├── nopt@4.0.1
22 silly idealTree │ ├── npm-bundled@1.0.3
22 silly idealTree │ ├── npm-packlist@1.1.10
22 silly idealTree │ ├── npmlog@4.1.2
22 silly idealTree │ ├── number-is-nan@1.0.1
22 silly idealTree │ ├── object-assign@4.1.1
22 silly idealTree │ ├── once@1.4.0
22 silly idealTree │ ├── os-homedir@1.0.2
22 silly idealTree │ ├── os-tmpdir@1.0.2
22 silly idealTree │ ├── osenv@0.1.5
22 silly idealTree │ ├── path-is-absolute@1.0.1
22 silly idealTree │ ├── process-nextick-args@2.0.0
22 silly idealTree │ ├─┬ rc@1.2.7
22 silly idealTree │ │ └── minimist@1.2.0
22 silly idealTree │ ├── readable-stream@2.3.6
22 silly idealTree │ ├── rimraf@2.6.2
22 silly idealTree │ ├── safe-buffer@5.1.1
22 silly idealTree │ ├── safer-buffer@2.1.2
22 silly idealTree │ ├── sax@1.2.4
22 silly idealTree │ ├── semver@5.5.0
22 silly idealTree │ ├── set-blocking@2.0.0
22 silly idealTree │ ├── signal-exit@3.0.2
22 silly idealTree │ ├── string_decoder@1.1.1
22 silly idealTree │ ├── string-width@1.0.2
22 silly idealTree │ ├── strip-ansi@3.0.1
22 silly idealTree │ ├── strip-json-comments@2.0.1
22 silly idealTree │ ├── tar@4.4.1
22 silly idealTree │ ├── util-deprecate@1.0.2
22 silly idealTree │ ├── wide-align@1.1.2
22 silly idealTree │ ├── wrappy@1.0.2
22 silly idealTree │ └── yallist@3.0.2
22 silly idealTree ├── get-caller-file@1.0.2
22 silly idealTree ├── get-stream@3.0.0
22 silly idealTree ├── get-value@2.0.6
22 silly idealTree ├─┬ gh-got@6.0.0
22 silly idealTree │ ├── got@7.1.0
22 silly idealTree │ ├── p-cancelable@0.3.0
22 silly idealTree │ ├── p-timeout@1.2.1
22 silly idealTree │ ├── prepend-http@1.0.4
22 silly idealTree │ └── url-parse-lax@1.0.0
22 silly idealTree ├── github-username@4.1.0
22 silly idealTree ├─┬ glob-all@3.1.0
22 silly idealTree │ ├── minimist@0.1.0
22 silly idealTree │ └── yargs@1.2.6
22 silly idealTree ├─┬ glob-base@0.3.0
22 silly idealTree │ ├── glob-parent@2.0.0
22 silly idealTree │ ├── is-extglob@1.0.0
22 silly idealTree │ └── is-glob@2.0.1
22 silly idealTree ├─┬ glob-parent@3.1.0
22 silly idealTree │ └── is-glob@3.1.0
22 silly idealTree ├── glob-to-regexp@0.3.0
22 silly idealTree ├── glob@7.1.2
22 silly idealTree ├── global-modules@1.0.0
22 silly idealTree ├── global-prefix@1.0.2
22 silly idealTree ├── globals@9.18.0
22 silly idealTree ├── globby@8.0.1
22 silly idealTree ├── got@8.3.1
22 silly idealTree ├── graceful-fs@4.1.11
22 silly idealTree ├── grouped-queue@0.3.3
22 silly idealTree ├── has-ansi@2.0.0
22 silly idealTree ├── has-color@0.1.7
22 silly idealTree ├── has-flag@3.0.0
22 silly idealTree ├── has-symbol-support-x@1.4.2
22 silly idealTree ├── has-to-string-tag-x@1.4.1
22 silly idealTree ├── has-value@1.0.0
22 silly idealTree ├─┬ has-values@1.0.0
22 silly idealTree │ └── kind-of@4.0.0
22 silly idealTree ├── hash-base@3.0.4
22 silly idealTree ├── hash.js@1.1.3
22 silly idealTree ├── history@4.7.2
22 silly idealTree ├── hmac-drbg@1.0.1
22 silly idealTree ├── hoist-non-react-statics@2.5.0
22 silly idealTree ├── home-or-tmp@2.0.0
22 silly idealTree ├── homedir-polyfill@1.0.1
22 silly idealTree ├── hosted-git-info@2.6.0
22 silly idealTree ├── http-cache-semantics@3.8.1
22 silly idealTree ├── https-browserify@1.0.0
22 silly idealTree ├── iconv-lite@0.4.23
22 silly idealTree ├── ieee754@1.1.11
22 silly idealTree ├── iferr@0.1.5
22 silly idealTree ├── ignore@3.3.8
22 silly idealTree ├── import-local@1.0.0
22 silly idealTree ├── imurmurhash@0.1.4
22 silly idealTree ├── indent-string@2.1.0
22 silly idealTree ├── indexof@0.0.1
22 silly idealTree ├── inflight@1.0.6
22 silly idealTree ├── inherits@2.0.3
22 silly idealTree ├── ini@1.3.5
22 silly idealTree ├─┬ inquirer@5.2.0
22 silly idealTree │ ├── ansi-regex@3.0.0
22 silly idealTree │ ├── ansi-styles@3.2.1
22 silly idealTree │ ├── chalk@2.4.1
22 silly idealTree │ ├── strip-ansi@4.0.0
22 silly idealTree │ └── supports-color@5.4.0
22 silly idealTree ├── interpret@1.1.0
22 silly idealTree ├── into-stream@3.1.0
22 silly idealTree ├── invariant@2.2.4
22 silly idealTree ├── invert-kv@1.0.0
22 silly idealTree ├─┬ is-accessor-descriptor@0.1.6
22 silly idealTree │ └── kind-of@3.2.2
22 silly idealTree ├── is-arrayish@0.2.1
22 silly idealTree ├── is-binary-path@1.0.1
22 silly idealTree ├── is-buffer@1.1.6
22 silly idealTree ├── is-builtin-module@1.0.0
22 silly idealTree ├─┬ is-data-descriptor@0.1.4
22 silly idealTree │ └── kind-of@3.2.2
22 silly idealTree ├─┬ is-descriptor@0.1.6
22 silly idealTree │ └── kind-of@5.1.0
22 silly idealTree ├── is-dotfile@1.0.3
22 silly idealTree ├── is-equal-shallow@0.1.3
22 silly idealTree ├── is-extendable@0.1.1
22 silly idealTree ├── is-extglob@2.1.1
22 silly idealTree ├── is-finite@1.0.2
22 silly idealTree ├── is-fullwidth-code-point@2.0.0
22 silly idealTree ├── is-glob@4.0.0
22 silly idealTree ├─┬ is-number@3.0.0
22 silly idealTree │ └── kind-of@3.2.2
22 silly idealTree ├── is-object@1.0.1
22 silly idealTree ├─┬ is-observable@0.2.0
22 silly idealTree │ └── symbol-observable@0.2.4
22 silly idealTree ├─┬ is-odd@2.0.0
22 silly idealTree │ └── is-number@4.0.0
22 silly idealTree ├── is-plain-obj@1.1.0
22 silly idealTree ├── is-plain-object@2.0.4
22 silly idealTree ├── is-posix-bracket@0.1.1
22 silly idealTree ├── is-primitive@2.0.0
22 silly idealTree ├── is-promise@2.1.0
22 silly idealTree ├── is-retry-allowed@1.1.0
22 silly idealTree ├── is-scoped@1.0.0
22 silly idealTree ├── is-stream@1.1.0
22 silly idealTree ├── is-utf8@0.2.1
22 silly idealTree ├── is-windows@1.0.2
22 silly idealTree ├── isarray@0.0.1
22 silly idealTree ├── isbinaryfile@3.0.2
22 silly idealTree ├── isexe@2.0.0
22 silly idealTree ├── isobject@3.0.1
22 silly idealTree ├── isomorphic-fetch@2.2.1
22 silly idealTree ├── istextorbinary@2.2.1
22 silly idealTree ├── isurl@1.0.0
22 silly idealTree ├── js-tokens@3.0.2
22 silly idealTree ├─┬ jscodeshift@0.5.0
22 silly idealTree │ ├── arr-diff@2.0.0
22 silly idealTree │ ├── array-unique@0.2.1
22 silly idealTree │ ├── babylon@7.0.0-beta.47
22 silly idealTree │ ├── braces@1.8.5
22 silly idealTree │ ├── expand-brackets@0.1.5
22 silly idealTree │ ├── extglob@0.3.2
22 silly idealTree │ ├── is-extglob@1.0.0
22 silly idealTree │ ├── is-glob@2.0.1
22 silly idealTree │ ├── kind-of@3.2.2
22 silly idealTree │ └── micromatch@2.3.11
22 silly idealTree ├── jsesc@1.3.0
22 silly idealTree ├── json-buffer@3.0.0
22 silly idealTree ├── json-parse-better-errors@1.0.2
22 silly idealTree ├── json-schema-traverse@0.3.1
22 silly idealTree ├── json5@0.5.1
22 silly idealTree ├── keyv@3.0.0
22 silly idealTree ├── kind-of@6.0.2
22 silly idealTree ├── lcid@1.0.0
22 silly idealTree ├── leb@0.3.0
22 silly idealTree ├── listr-silent-renderer@1.1.1
22 silly idealTree ├─┬ listr-update-renderer@0.4.0
22 silly idealTree │ ├── figures@1.7.0
22 silly idealTree │ ├── indent-string@3.2.0
22 silly idealTree │ └── log-symbols@1.0.2
22 silly idealTree ├─┬ listr-verbose-renderer@0.4.1
22 silly idealTree │ ├── cli-cursor@1.0.2
22 silly idealTree │ ├── figures@1.7.0
22 silly idealTree │ ├── onetime@1.1.0
22 silly idealTree │ └── restore-cursor@1.0.1
22 silly idealTree ├─┬ listr@0.13.0
22 silly idealTree │ ├── figures@1.7.0
22 silly idealTree │ └── log-symbols@1.0.2
22 silly idealTree ├─┬ load-json-file@4.0.0
22 silly idealTree │ └── strip-bom@3.0.0
22 silly idealTree ├── loader-runner@2.3.0
22 silly idealTree ├── loader-utils@1.1.0
22 silly idealTree ├── locate-path@2.0.0
22 silly idealTree ├── lodash-es@4.17.10
22 silly idealTree ├── lodash@4.17.10
22 silly idealTree ├─┬ log-symbols@2.2.0
22 silly idealTree │ ├── ansi-styles@3.2.1
22 silly idealTree │ ├── chalk@2.4.1
22 silly idealTree │ └── supports-color@5.4.0
22 silly idealTree ├─┬ log-update@1.0.2
22 silly idealTree │ ├── ansi-escapes@1.4.0
22 silly idealTree │ ├── cli-cursor@1.0.2
22 silly idealTree │ ├── onetime@1.1.0
22 silly idealTree │ └── restore-cursor@1.0.1
22 silly idealTree ├── long@3.2.0
22 silly idealTree ├── loose-envify@1.3.1
22 silly idealTree ├── lowercase-keys@1.0.1
22 silly idealTree ├── lru-cache@4.1.3
22 silly idealTree ├── make-dir@1.3.0
22 silly idealTree ├── map-cache@0.2.2
22 silly idealTree ├── map-visit@1.0.0
22 silly idealTree ├── math-random@1.0.1
22 silly idealTree ├── md5.js@1.3.4
22 silly idealTree ├─┬ mem-fs-editor@4.0.2
22 silly idealTree │ ├── clone-stats@1.0.0
22 silly idealTree │ ├── clone@2.1.1
22 silly idealTree │ ├── replace-ext@1.0.0
22 silly idealTree │ └── vinyl@2.1.0
22 silly idealTree ├── mem-fs@1.1.3
22 silly idealTree ├── mem@1.1.0
22 silly idealTree ├── memory-fs@0.4.1
22 silly idealTree ├── merge2@1.2.2
22 silly idealTree ├── micromatch@3.1.10
22 silly idealTree ├── miller-rabin@4.0.1
22 silly idealTree ├── mimic-fn@1.2.0
22 silly idealTree ├── mimic-response@1.0.0
22 silly idealTree ├── minimalistic-assert@1.0.1
22 silly idealTree ├── minimalistic-crypto-utils@1.0.1
22 silly idealTree ├── minimatch@3.0.4
22 silly idealTree ├── minimist@0.0.8
22 silly idealTree ├── mississippi@2.0.0
22 silly idealTree ├─┬ mixin-deep@1.3.1
22 silly idealTree │ └── is-extendable@1.0.1
22 silly idealTree ├── mkdirp@0.5.1
22 silly idealTree ├── move-concurrently@1.0.1
22 silly idealTree ├── ms@2.0.0
22 silly idealTree ├── multimatch@2.1.0
22 silly idealTree ├── mute-stream@0.0.7
22 silly idealTree ├── nan@2.10.0
22 silly idealTree ├── nanomatch@1.2.9
22 silly idealTree ├── neo-async@2.5.1
22 silly idealTree ├── nice-try@1.0.4
22 silly idealTree ├── node-dir@0.1.8
22 silly idealTree ├── node-fetch@1.7.3
22 silly idealTree ├─┬ node-libs-browser@2.1.0
22 silly idealTree │ └── punycode@1.4.1
22 silly idealTree ├─┬ nomnom@1.8.1
22 silly idealTree │ ├── ansi-styles@1.0.0
22 silly idealTree │ ├── chalk@0.4.0
22 silly idealTree │ └── strip-ansi@0.1.1
22 silly idealTree ├── normalize-package-data@2.4.0
22 silly idealTree ├── normalize-path@2.1.1
22 silly idealTree ├── normalize-url@2.0.1
22 silly idealTree ├── npm-run-path@2.0.2
22 silly idealTree ├── number-is-nan@1.0.1
22 silly idealTree ├── object-assign@4.1.1
22 silly idealTree ├─┬ object-copy@0.1.0
22 silly idealTree │ ├── define-property@0.2.5
22 silly idealTree │ └── kind-of@3.2.2
22 silly idealTree ├── object-visit@1.0.1
22 silly idealTree ├── object.omit@2.0.1
22 silly idealTree ├── object.pick@1.3.0
22 silly idealTree ├── once@1.4.0
22 silly idealTree ├── onetime@2.0.1
22 silly idealTree ├─┬ ora@0.2.3
22 silly idealTree │ ├── cli-cursor@1.0.2
22 silly idealTree │ ├── onetime@1.1.0
22 silly idealTree │ └── restore-cursor@1.0.1
22 silly idealTree ├── os-browserify@0.3.0
22 silly idealTree ├── os-homedir@1.0.2
22 silly idealTree ├── os-locale@2.1.0
22 silly idealTree ├── os-tmpdir@1.0.2
22 silly idealTree ├── p-cancelable@0.4.1
22 silly idealTree ├── p-each-series@1.0.0
22 silly idealTree ├── p-finally@1.0.0
22 silly idealTree ├── p-is-promise@1.1.0
22 silly idealTree ├── p-lazy@1.0.0
22 silly idealTree ├── p-limit@1.2.0
22 silly idealTree ├── p-locate@2.0.0
22 silly idealTree ├── p-map@1.2.0
22 silly idealTree ├── p-reduce@1.0.0
22 silly idealTree ├── p-timeout@2.0.1
22 silly idealTree ├── p-try@1.0.0
22 silly idealTree ├── pako@1.0.6
22 silly idealTree ├── parallel-transform@1.1.0
22 silly idealTree ├── parse-asn1@5.1.1
22 silly idealTree ├─┬ parse-glob@3.0.4
22 silly idealTree │ ├── is-extglob@1.0.0
22 silly idealTree │ └── is-glob@2.0.1
22 silly idealTree ├── parse-json@4.0.0
22 silly idealTree ├── parse-passwd@1.0.0
22 silly idealTree ├── pascalcase@0.1.1
22 silly idealTree ├── path-browserify@0.0.0
22 silly idealTree ├── path-dirname@1.0.2
22 silly idealTree ├── path-exists@3.0.0
22 silly idealTree ├── path-is-absolute@1.0.1
22 silly idealTree ├── path-key@2.0.1
22 silly idealTree ├── path-parse@1.0.5
22 silly idealTree ├── path-to-regexp@1.7.0
22 silly idealTree ├── path-type@3.0.0
22 silly idealTree ├── pbkdf2@3.0.16
22 silly idealTree ├── pify@3.0.0
22 silly idealTree ├── pinkie-promise@2.0.1
22 silly idealTree ├── pinkie@2.0.4
22 silly idealTree ├── pkg-dir@2.0.0
22 silly idealTree ├── posix-character-classes@0.1.1
22 silly idealTree ├── prepend-http@2.0.0
22 silly idealTree ├── preserve@0.2.0
22 silly idealTree ├── prettier@1.12.1
22 silly idealTree ├── pretty-bytes@4.0.2
22 silly idealTree ├── private@0.1.8
22 silly idealTree ├── process-nextick-args@2.0.0
22 silly idealTree ├── process@0.11.10
22 silly idealTree ├── promise-inflight@1.0.1
22 silly idealTree ├── promise@7.3.1
22 silly idealTree ├── prop-types@15.6.1
22 silly idealTree ├── prr@1.0.1
22 silly idealTree ├── pseudomap@1.0.2
22 silly idealTree ├── public-encrypt@4.0.2
22 silly idealTree ├── pump@2.0.1
22 silly idealTree ├── pumpify@1.5.1
22 silly idealTree ├── punycode@2.1.0
22 silly idealTree ├── query-string@5.1.1
22 silly idealTree ├── querystring-es3@0.2.1
22 silly idealTree ├── querystring@0.2.0
22 silly idealTree ├─┬ randomatic@3.0.0
22 silly idealTree │ └── is-number@4.0.0
22 silly idealTree ├── randombytes@2.0.6
22 silly idealTree ├── randomfill@1.0.4
22 silly idealTree ├── react-dom@16.3.2
22 silly idealTree ├── react-lifecycles-compat@3.0.4
22 silly idealTree ├── react-modal@3.4.4
22 silly idealTree ├── react-redux@5.0.7
22 silly idealTree ├── react-router-dom@4.2.2
22 silly idealTree ├── react-router@4.2.0
22 silly idealTree ├── react-simple-flex-grid@1.2.1
22 silly idealTree ├── react-thunk@1.0.0
22 silly idealTree ├── react@16.3.2
22 silly idealTree ├── read-chunk@2.1.0
22 silly idealTree ├── read-pkg-up@3.0.0
22 silly idealTree ├── read-pkg@3.0.0
22 silly idealTree ├─┬ readable-stream@2.3.6
22 silly idealTree │ └── isarray@1.0.0
22 silly idealTree ├── readdirp@2.1.0
22 silly idealTree ├─┬ recast@0.14.7
22 silly idealTree │ └── source-map@0.6.1
22 silly idealTree ├── rechoir@0.6.2
22 silly idealTree ├── redux-logger@3.0.6
22 silly idealTree ├── redux-thunk@2.2.0
22 silly idealTree ├── redux@4.0.0
22 silly idealTree ├── regenerate@1.4.0
22 silly idealTree ├── regenerator-runtime@0.11.1
22 silly idealTree ├── regenerator-transform@0.10.1
22 silly idealTree ├── regex-cache@0.4.4
22 silly idealTree ├── regex-not@1.0.2
22 silly idealTree ├── regexpu-core@2.0.0
22 silly idealTree ├── regjsgen@0.2.0
22 silly idealTree ├─┬ regjsparser@0.1.5
22 silly idealTree │ └── jsesc@0.5.0
22 silly idealTree ├── remove-trailing-separator@1.1.0
22 silly idealTree ├── repeat-element@1.1.2
22 silly idealTree ├── repeat-string@1.6.1
22 silly idealTree ├── repeating@2.0.1
22 silly idealTree ├── replace-ext@0.0.1
22 silly idealTree ├── require-directory@2.1.1
22 silly idealTree ├── require-main-filename@1.0.1
22 silly idealTree ├── resolve-cwd@2.0.0
22 silly idealTree ├── resolve-dir@1.0.1
22 silly idealTree ├── resolve-from@3.0.0
22 silly idealTree ├── resolve-pathname@2.2.0
22 silly idealTree ├── resolve-url@0.2.1
22 silly idealTree ├── resolve@1.7.1
22 silly idealTree ├── responselike@1.0.2
22 silly idealTree ├── restore-cursor@2.0.0
22 silly idealTree ├── ret@0.1.15
22 silly idealTree ├── rimraf@2.6.2
22 silly idealTree ├── ripemd160@2.0.2
22 silly idealTree ├── run-async@2.3.0
22 silly idealTree ├── run-queue@1.0.3
22 silly idealTree ├─┬ rxjs@5.5.10
22 silly idealTree │ └── symbol-observable@1.0.1
22 silly idealTree ├── safe-buffer@5.1.2
22 silly idealTree ├── safe-regex@1.1.0
22 silly idealTree ├── safer-buffer@2.1.2
22 silly idealTree ├── schema-utils@0.4.5
22 silly idealTree ├── scoped-regex@1.0.0
22 silly idealTree ├── semver@5.5.0
22 silly idealTree ├── serialize-javascript@1.5.0
22 silly idealTree ├── set-blocking@2.0.0
22 silly idealTree ├── set-immediate-shim@1.0.1
22 silly idealTree ├─┬ set-value@2.0.0
22 silly idealTree │ └── extend-shallow@2.0.1
22 silly idealTree ├── setimmediate@1.0.5
22 silly idealTree ├── sha.js@2.4.11
22 silly idealTree ├── shebang-command@1.2.0
22 silly idealTree ├── shebang-regex@1.0.0
22 silly idealTree ├── shelljs@0.8.2
22 silly idealTree ├── signal-exit@3.0.2
22 silly idealTree ├── slash@1.0.0
22 silly idealTree ├── slice-ansi@0.0.4
22 silly idealTree ├── slide@1.1.6
22 silly idealTree ├─┬ snapdragon-node@2.1.1
22 silly idealTree │ ├── define-property@1.0.0
22 silly idealTree │ ├── is-accessor-descriptor@1.0.0
22 silly idealTree │ ├── is-data-descriptor@1.0.0
22 silly idealTree │ └── is-descriptor@1.0.2
22 silly idealTree ├─┬ snapdragon-util@3.0.1
22 silly idealTree │ └── kind-of@3.2.2
22 silly idealTree ├─┬ snapdragon@0.8.2
22 silly idealTree │ ├── define-property@0.2.5
22 silly idealTree │ └── extend-shallow@2.0.1
22 silly idealTree ├── sort-keys@2.0.0
22 silly idealTree ├── source-list-map@2.0.0
22 silly idealTree ├── source-map-resolve@0.5.2
22 silly idealTree ├── source-map-support@0.4.18
22 silly idealTree ├── source-map-url@0.4.0
22 silly idealTree ├── source-map@0.5.7
22 silly idealTree ├── spdx-correct@3.0.0
22 silly idealTree ├── spdx-exceptions@2.1.0
22 silly idealTree ├── spdx-expression-parse@3.0.0
22 silly idealTree ├── spdx-license-ids@3.0.0
22 silly idealTree ├── split-string@3.1.0
22 silly idealTree ├── ssri@5.3.0
22 silly idealTree ├─┬ static-extend@0.1.2
22 silly idealTree │ └── define-property@0.2.5
22 silly idealTree ├── stream-browserify@2.0.1
22 silly idealTree ├── stream-each@1.2.2
22 silly idealTree ├── stream-http@2.8.2
22 silly idealTree ├── stream-shift@1.0.0
22 silly idealTree ├── stream-to-observable@0.2.0
22 silly idealTree ├── strict-uri-encode@1.1.0
22 silly idealTree ├── string_decoder@1.1.1
22 silly idealTree ├── string-template@0.2.1
22 silly idealTree ├─┬ string-width@2.1.1
22 silly idealTree │ ├── ansi-regex@3.0.0
22 silly idealTree │ └── strip-ansi@4.0.0
22 silly idealTree ├── strip-ansi@3.0.1
22 silly idealTree ├── strip-bom-stream@2.0.0
22 silly idealTree ├── strip-bom@2.0.0
22 silly idealTree ├── strip-eof@1.0.0
22 silly idealTree ├── supports-color@2.0.0
22 silly idealTree ├── symbol-observable@1.2.0
22 silly idealTree ├── tapable@1.0.0
22 silly idealTree ├─┬ temp@0.8.3
22 silly idealTree │ └── rimraf@2.2.8
22 silly idealTree ├── text-table@0.2.0
22 silly idealTree ├── textextensions@2.2.0
22 silly idealTree ├── through@2.3.8
22 silly idealTree ├── through2@2.0.3
22 silly idealTree ├── timed-out@4.0.1
22 silly idealTree ├── timers-browserify@2.0.10
22 silly idealTree ├── tmp@0.0.33
22 silly idealTree ├── to-arraybuffer@1.0.1
22 silly idealTree ├── to-fast-properties@1.0.3
22 silly idealTree ├─┬ to-object-path@0.3.0
22 silly idealTree │ └── kind-of@3.2.2
22 silly idealTree ├── to-regex-range@2.1.1
22 silly idealTree ├── to-regex@3.0.2
22 silly idealTree ├── trim-right@1.0.1
22 silly idealTree ├── tty-browserify@0.0.0
22 silly idealTree ├── typedarray@0.0.6
22 silly idealTree ├── ua-parser-js@0.7.18
22 silly idealTree ├─┬ uglify-es@3.3.9
22 silly idealTree │ └── source-map@0.6.1
22 silly idealTree ├─┬ uglifyjs-webpack-plugin@1.2.5
22 silly idealTree │ └── source-map@0.6.1
22 silly idealTree ├── underscore@1.6.0
22 silly idealTree ├─┬ union-value@1.0.0
22 silly idealTree │ ├── extend-shallow@2.0.1
22 silly idealTree │ └── set-value@0.4.3
22 silly idealTree ├── unique-filename@1.1.0
22 silly idealTree ├── unique-slug@2.0.0
22 silly idealTree ├─┬ unset-value@1.0.0
22 silly idealTree │ ├─┬ has-value@0.3.1
22 silly idealTree │ │ └── isobject@2.1.0
22 silly idealTree │ ├── has-values@0.1.4
22 silly idealTree │ └── isarray@1.0.0
22 silly idealTree ├── untildify@3.0.2
22 silly idealTree ├── upath@1.1.0
22 silly idealTree ├── uri-js@4.2.1
22 silly idealTree ├── urix@0.1.0
22 silly idealTree ├── url-parse-lax@3.0.0
22 silly idealTree ├── url-to-options@1.0.1
22 silly idealTree ├─┬ url@0.11.0
22 silly idealTree │ └── punycode@1.3.2
22 silly idealTree ├── use@3.1.0
22 silly idealTree ├── util-deprecate@1.0.2
22 silly idealTree ├─┬ util@0.10.3
22 silly idealTree │ └── inherits@2.0.1
22 silly idealTree ├── v8-compile-cache@1.1.2
22 silly idealTree ├── validate-npm-package-license@3.0.3
22 silly idealTree ├── value-equal@0.4.0
22 silly idealTree ├─┬ vinyl-file@2.0.0
22 silly idealTree │ └── pify@2.3.0
22 silly idealTree ├── vinyl@1.2.0
22 silly idealTree ├── vm-browserify@0.0.4
22 silly idealTree ├── warning@3.0.0
22 silly idealTree ├── watchpack@1.6.0
22 silly idealTree ├── webassemblyjs@1.4.3
22 silly idealTree ├─┬ webpack-addons@1.1.5
22 silly idealTree │ ├── arr-diff@2.0.0
22 silly idealTree │ ├── array-unique@0.2.1
22 silly idealTree │ ├── ast-types@0.10.1
22 silly idealTree │ ├── braces@1.8.5
22 silly idealTree │ ├── expand-brackets@0.1.5
22 silly idealTree │ ├── extglob@0.3.2
22 silly idealTree │ ├── is-extglob@1.0.0
22 silly idealTree │ ├── is-glob@2.0.1
22 silly idealTree │ ├── jscodeshift@0.4.1
22 silly idealTree │ ├── kind-of@3.2.2
22 silly idealTree │ ├── micromatch@2.3.11
22 silly idealTree │ ├── recast@0.12.9
22 silly idealTree │ └── source-map@0.6.1
22 silly idealTree ├─┬ webpack-cli@2.1.3
22 silly idealTree │ ├── ansi-styles@3.2.1
22 silly idealTree │ ├── chalk@2.4.1
22 silly idealTree │ └── supports-color@5.4.0
22 silly idealTree ├─┬ webpack-sources@1.1.0
22 silly idealTree │ └── source-map@0.6.1
22 silly idealTree ├── webpack@4.8.3
22 silly idealTree ├── whatwg-fetch@2.0.4
22 silly idealTree ├── which-module@2.0.0
22 silly idealTree ├── which@1.3.0
22 silly idealTree ├── worker-farm@1.6.0
22 silly idealTree ├─┬ wrap-ansi@2.1.0
22 silly idealTree │ ├── is-fullwidth-code-point@1.0.0
22 silly idealTree │ └── string-width@1.0.2
22 silly idealTree ├── wrappy@1.0.2
22 silly idealTree ├── write-file-atomic@1.3.4
22 silly idealTree ├── xtend@4.0.1
22 silly idealTree ├── y18n@4.0.0
22 silly idealTree ├── yallist@2.1.2
22 silly idealTree ├── yargs-parser@9.0.2
22 silly idealTree ├─┬ yargs@11.1.0
22 silly idealTree │ └── y18n@3.2.1
22 silly idealTree ├─┬ yeoman-environment@2.1.1
22 silly idealTree │ ├── ansi-regex@3.0.0
22 silly idealTree │ ├── ansi-styles@3.2.1
22 silly idealTree │ ├── chalk@2.4.1
22 silly idealTree │ ├── debug@3.1.0
22 silly idealTree │ ├── strip-ansi@4.0.0
22 silly idealTree │ └── supports-color@5.4.0
22 silly idealTree └─┬ yeoman-generator@2.0.5
22 silly idealTree   ├── ansi-styles@3.2.1
22 silly idealTree   ├── async@2.6.0
22 silly idealTree   ├── chalk@2.4.1
22 silly idealTree   ├── debug@3.1.0
22 silly idealTree   ├── minimist@1.2.0
22 silly idealTree   └── supports-color@5.4.0
23 silly generateActionsToTake Starting
24 silly install generateActionsToTake
25 silly generateActionsToTake Finishing
26 silly diffTrees action count 0
27 silly decomposeActions action count 0
28 silly runTopLevelLifecycles Starting
29 silly install runPreinstallTopLevelLifecycles
30 silly preinstall ddot@1.0.0 /Users/appacademy/Desktop/untitled folder/ddot-0d2701a3
31 info lifecycle ddot@1.0.0~preinstall: ddot@1.0.0
32 silly lifecycle ddot@1.0.0~preinstall: no script for preinstall, continuing
33 silly executeActions Starting
34 silly install executeActions
35 silly doSerial global-install 0
36 silly doParallel fetch 0
37 verbose correctMkdir /Users/appacademy/.npm/_locks correctMkdir not in flight; initializing
38 verbose lock using /Users/appacademy/.npm/_locks/staging-83c052c854247f55.lock for /Users/appacademy/Desktop/untitled folder/node_modules/.staging
39 silly doParallel extract 0
40 silly doParallel preinstall 0
41 silly doReverseSerial remove 0
42 silly doSerial move 0
43 silly doSerial finalize 0
44 silly doSerial build 0
45 silly doSerial global-link 0
46 silly doParallel update-linked 0
47 silly doSerial install 0
48 silly doSerial postinstall 0
49 verbose unlock done using /Users/appacademy/.npm/_locks/staging-83c052c854247f55.lock for /Users/appacademy/Desktop/untitled folder/node_modules/.staging
50 silly executeActions Finishing
51 silly rollbackFailedOptional Starting
52 silly rollbackFailedOptional Finishing
53 silly install runPostinstallTopLevelLifecycles
54 silly build ddot@1.0.0
55 info linkStuff ddot@1.0.0
56 silly linkStuff ddot@1.0.0 has /Users/appacademy/Desktop as its parent node_modules
57 verbose linkBins ddot@1.0.0
58 verbose linkMans ddot@1.0.0
59 silly install ddot@1.0.0 /Users/appacademy/Desktop/untitled folder/ddot-0d2701a3
60 info lifecycle ddot@1.0.0~install: ddot@1.0.0
61 silly lifecycle ddot@1.0.0~install: no script for install, continuing
62 silly postinstall ddot@1.0.0 /Users/appacademy/Desktop/untitled folder/ddot-0d2701a3
63 info lifecycle ddot@1.0.0~postinstall: ddot@1.0.0
64 verbose lifecycle ddot@1.0.0~postinstall: unsafe-perm in lifecycle true
65 verbose lifecycle ddot@1.0.0~postinstall: PATH: /usr/local/lib/node_modules/npm/bin/node-gyp-bin:/Users/appacademy/Desktop/untitled folder/node_modules/.bin:/usr/local/Cellar/node/6.7.0/bin:/usr/local/var/rbenv/shims:/usr/local/bin:/usr/local/bin:/usr/bin:/bin:/usr/sbin:/sbin:/Applications/Postgres.app/Contents/Versions/9.3/bin
66 verbose lifecycle ddot@1.0.0~postinstall: CWD: /Users/appacademy/Desktop/untitled folder
67 silly lifecycle ddot@1.0.0~postinstall: Args: [ '-c', 'webpack --mode=production' ]
68 silly lifecycle ddot@1.0.0~postinstall: Returned: code: 2  signal: null
69 info lifecycle ddot@1.0.0~postinstall: Failed to exec postinstall script
70 warn react-thunk@1.0.0 requires a peer of react@~0.14.0 || ^15.0.0 but none was installed.
71 verbose stack Error: ddot@1.0.0 postinstall: `webpack --mode=production`
71 verbose stack Exit status 2
71 verbose stack     at EventEmitter.<anonymous> (/usr/local/lib/node_modules/npm/lib/utils/lifecycle.js:255:16)
71 verbose stack     at emitTwo (events.js:106:13)
71 verbose stack     at EventEmitter.emit (events.js:191:7)
71 verbose stack     at ChildProcess.<anonymous> (/usr/local/lib/node_modules/npm/lib/utils/spawn.js:40:14)
71 verbose stack     at emitTwo (events.js:106:13)
71 verbose stack     at ChildProcess.emit (events.js:191:7)
71 verbose stack     at maybeClose (internal/child_process.js:877:16)
71 verbose stack     at Process.ChildProcess._handle.onexit (internal/child_process.js:226:5)
72 verbose pkgid ddot@1.0.0
73 verbose cwd /Users/appacademy/Desktop/untitled folder
74 error Darwin 16.7.0
75 error argv "/usr/local/Cellar/node/6.7.0/bin/node" "/usr/local/bin/npm" "install"
76 error node v6.7.0
77 error npm  v3.10.7
78 error code ELIFECYCLE
79 error ddot@1.0.0 postinstall: `webpack --mode=production`
79 error Exit status 2
80 error Failed at the ddot@1.0.0 postinstall script 'webpack --mode=production'.
80 error Make sure you have the latest version of node.js and npm installed.
80 error If you do, this is most likely a problem with the ddot package,
80 error not with npm itself.
80 error Tell the author that this fails on your system:
80 error     webpack --mode=production
80 error You can get information on how to open an issue for this project with:
80 error     npm bugs ddot
80 error Or if that isn't available, you can get their info via:
80 error     npm owner ls ddot
80 error There is likely additional logging output above.
81 verbose exit [ 1, true ]
